<?xml version="1.0" encoding="UTF-8"?>
<coverage generated="1680188952373" clover="3.2.0">
  <project timestamp="1680188952373" name="All files">
    <metrics statements="117" coveredstatements="105" conditionals="8" coveredconditionals="6" methods="32" coveredmethods="20" elements="157" coveredelements="131" complexity="0" loc="117" ncloc="117" packages="5" files="5" classes="5"/>
    <package name="buttons">
      <metrics statements="19" coveredstatements="18" conditionals="0" coveredconditionals="0" methods="3" coveredmethods="2"/>
      <file name="QcButton.vue" path="/Users/denisibanezrodriguesvieira/Documents/Projetos/master/components/purevite/design-system-ui/src/components/buttons/QcButton.vue">
        <metrics statements="19" coveredstatements="18" conditionals="0" coveredconditionals="0" methods="3" coveredmethods="2"/>
        <line num="3" count="1" type="stmt"/>
        <line num="6" count="1" type="stmt"/>
        <line num="7" count="1" type="stmt"/>
        <line num="66" count="1" type="stmt"/>
        <line num="67" count="1" type="stmt"/>
        <line num="68" count="1" type="stmt"/>
        <line num="69" count="1" type="stmt"/>
        <line num="72" count="1" type="stmt"/>
        <line num="76" count="1" type="stmt"/>
        <line num="80" count="1" type="stmt"/>
        <line num="81" count="1" type="stmt"/>
        <line num="82" count="1" type="stmt"/>
        <line num="83" count="1" type="stmt"/>
        <line num="85" count="1" type="stmt"/>
        <line num="86" count="1" type="stmt"/>
        <line num="87" count="1" type="stmt"/>
        <line num="99" count="0" type="stmt"/>
        <line num="106" count="1" type="stmt"/>
        <line num="107" count="1" type="stmt"/>
      </file>
    </package>
    <package name="form.textField">
      <metrics statements="20" coveredstatements="18" conditionals="2" coveredconditionals="2" methods="4" coveredmethods="2"/>
      <file name="QcTextfield.vue" path="/Users/denisibanezrodriguesvieira/Documents/Projetos/master/components/purevite/design-system-ui/src/components/form/textField/QcTextfield.vue">
        <metrics statements="20" coveredstatements="18" conditionals="2" coveredconditionals="2" methods="4" coveredmethods="2"/>
        <line num="3" count="1" type="stmt"/>
        <line num="6" count="1" type="stmt"/>
        <line num="7" count="1" type="stmt"/>
        <line num="39" count="1" type="stmt"/>
        <line num="40" count="1" type="stmt"/>
        <line num="41" count="1" type="stmt"/>
        <line num="42" count="1" type="stmt"/>
        <line num="44" count="0" type="stmt"/>
        <line num="46" count="1" type="stmt"/>
        <line num="51" count="1" type="stmt"/>
        <line num="55" count="1" type="stmt"/>
        <line num="59" count="1" type="stmt"/>
        <line num="60" count="1" type="stmt"/>
        <line num="61" count="1" type="stmt"/>
        <line num="62" count="1" type="stmt"/>
        <line num="64" count="1" type="stmt"/>
        <line num="65" count="1" type="stmt"/>
        <line num="73" count="0" type="cond" truecount="2" falsecount="0"/>
        <line num="77" count="1" type="stmt"/>
        <line num="78" count="1" type="stmt"/>
      </file>
    </package>
    <package name="layout">
      <metrics statements="44" coveredstatements="38" conditionals="2" coveredconditionals="2" methods="18" coveredmethods="12"/>
      <file name="QcLayout.vue" path="/Users/denisibanezrodriguesvieira/Documents/Projetos/master/components/purevite/design-system-ui/src/components/layout/QcLayout.vue">
        <metrics statements="44" coveredstatements="38" conditionals="2" coveredconditionals="2" methods="18" coveredmethods="12"/>
        <line num="3" count="1" type="stmt"/>
        <line num="6" count="1" type="stmt"/>
        <line num="7" count="1" type="stmt"/>
        <line num="8" count="1" type="stmt"/>
        <line num="39" count="1" type="stmt"/>
        <line num="40" count="1" type="stmt"/>
        <line num="41" count="1" type="stmt"/>
        <line num="42" count="1" type="stmt"/>
        <line num="44" count="1" type="stmt"/>
        <line num="49" count="0" type="stmt"/>
        <line num="52" count="0" type="stmt"/>
        <line num="55" count="0" type="stmt"/>
        <line num="57" count="1" type="stmt"/>
        <line num="60" count="1" type="stmt"/>
        <line num="63" count="0" type="stmt"/>
        <line num="70" count="1" type="stmt"/>
        <line num="74" count="1" type="stmt"/>
        <line num="78" count="1" type="stmt"/>
        <line num="79" count="1" type="stmt"/>
        <line num="80" count="1" type="stmt"/>
        <line num="81" count="1" type="stmt"/>
        <line num="83" count="1" type="stmt"/>
        <line num="84" count="1" type="stmt"/>
        <line num="85" count="1" type="stmt"/>
        <line num="86" count="1" type="stmt"/>
        <line num="87" count="1" type="stmt"/>
        <line num="88" count="1" type="stmt"/>
        <line num="89" count="1" type="stmt"/>
        <line num="90" count="1" type="stmt"/>
        <line num="91" count="1" type="stmt"/>
        <line num="92" count="1" type="stmt"/>
        <line num="94" count="1" type="stmt"/>
        <line num="96" count="1" type="stmt"/>
        <line num="98" count="1" type="stmt"/>
        <line num="108" count="1" type="stmt"/>
        <line num="125" count="0" type="cond" truecount="2" falsecount="0"/>
        <line num="129" count="1" type="stmt"/>
        <line num="131" count="1" type="stmt"/>
        <line num="133" count="1" type="stmt"/>
        <line num="135" count="0" type="stmt"/>
        <line num="137" count="1" type="stmt"/>
        <line num="150" count="1" type="stmt"/>
        <line num="160" count="1" type="stmt"/>
        <line num="161" count="1" type="stmt"/>
      </file>
    </package>
    <package name="loading">
      <metrics statements="17" coveredstatements="17" conditionals="2" coveredconditionals="1" methods="2" coveredmethods="2"/>
      <file name="QcLoading.vue" path="/Users/denisibanezrodriguesvieira/Documents/Projetos/master/components/purevite/design-system-ui/src/components/loading/QcLoading.vue">
        <metrics statements="17" coveredstatements="17" conditionals="2" coveredconditionals="1" methods="2" coveredmethods="2"/>
        <line num="3" count="1" type="stmt"/>
        <line num="6" count="1" type="stmt"/>
        <line num="7" count="1" type="stmt"/>
        <line num="40" count="1" type="stmt"/>
        <line num="41" count="1" type="stmt"/>
        <line num="42" count="1" type="stmt"/>
        <line num="43" count="1" type="stmt"/>
        <line num="46" count="1" type="stmt"/>
        <line num="50" count="1" type="stmt"/>
        <line num="54" count="1" type="stmt"/>
        <line num="55" count="1" type="stmt"/>
        <line num="56" count="1" type="stmt"/>
        <line num="57" count="1" type="stmt"/>
        <line num="62" count="1" type="stmt"/>
        <line num="63" count="1" type="cond" truecount="1" falsecount="1"/>
        <line num="73" count="1" type="stmt"/>
        <line num="74" count="1" type="stmt"/>
      </file>
    </package>
    <package name="snackbar">
      <metrics statements="17" coveredstatements="14" conditionals="2" coveredconditionals="1" methods="5" coveredmethods="2"/>
      <file name="QcSnackbar.vue" path="/Users/denisibanezrodriguesvieira/Documents/Projetos/master/components/purevite/design-system-ui/src/components/snackbar/QcSnackbar.vue">
        <metrics statements="17" coveredstatements="14" conditionals="2" coveredconditionals="1" methods="5" coveredmethods="2"/>
        <line num="3" count="1" type="stmt"/>
        <line num="6" count="1" type="stmt"/>
        <line num="7" count="1" type="stmt"/>
        <line num="8" count="1" type="stmt"/>
        <line num="9" count="1" type="stmt"/>
        <line num="54" count="1" type="stmt"/>
        <line num="55" count="1" type="stmt"/>
        <line num="56" count="1" type="stmt"/>
        <line num="57" count="1" type="stmt"/>
        <line num="59" count="0" type="stmt"/>
        <line num="75" count="1" type="stmt"/>
        <line num="76" count="1" type="cond" truecount="1" falsecount="1"/>
        <line num="77" count="0" type="stmt"/>
        <line num="80" count="1" type="stmt"/>
        <line num="85" count="0" type="stmt"/>
        <line num="89" count="1" type="stmt"/>
        <line num="93" count="1" type="stmt"/>
      </file>
    </package>
  </project>
</coverage>
