{"/Users/denisibanezrodriguesvieira/Documents/Projetos/master/components/purevite/design-system-ui/src/components/buttons/QcButton.vue": {"path":"/Users/denisibanezrodriguesvieira/Documents/Projetos/master/components/purevite/design-system-ui/src/components/buttons/QcButton.vue","statementMap":{"0":{"start":{"line":3,"column":0},"end":{"line":5,"column":3}},"1":{"start":{"line":6,"column":12},"end":{"line":6,"column":26}},"2":{"start":{"line":7,"column":0},"end":{"line":35,"column":3}},"3":{"start":{"line":23,"column":17},"end":{"line":23,"column":26}},"4":{"start":{"line":24,"column":4},"end":{"line":24,"column":13}},"5":{"start":{"line":25,"column":16},"end":{"line":25,"column":23}},"6":{"start":{"line":26,"column":23},"end":{"line":28,"column":5}},"7":{"start":{"line":29,"column":4},"end":{"line":32,"column":7}},"8":{"start":{"line":33,"column":4},"end":{"line":33,"column":24}},"9":{"start":{"line":37,"column":0},"end":{"line":37,"column":62}},"10":{"start":{"line":38,"column":0},"end":{"line":38,"column":24}},"11":{"start":{"line":39,"column":12},"end":{"line":39,"column":26}},"12":{"start":{"line":40,"column":17},"end":{"line":40,"column":47}},"13":{"start":{"line":42,"column":40},"end":{"line":42,"column":89}},"14":{"start":{"line":43,"column":27},"end":{"line":43,"column":63}},"15":{"start":{"line":44,"column":4},"end":{"line":59,"column":8}},"16":{"start":{"line":54,"column":54},"end":{"line":56,"column":14}},"17":{"start":{"line":61,"column":0},"end":{"line":61,"column":24}},"18":{"start":{"line":62,"column":1},"end":{"line":62,"column":48}}},"fnMap":{"0":{"name":"setup","decl":{"start":{"line":22,"column":2},"end":{"line":22,"column":7}},"loc":{"start":{"line":22,"column":21},"end":{"line":34,"column":3}},"line":22},"1":{"name":"render","decl":{"start":{"line":41,"column":9},"end":{"line":41,"column":15}},"loc":{"start":{"line":41,"column":63},"end":{"line":60,"column":1}},"line":41},"2":{"name":"(anonymous_2)","decl":{"start":{"line":54,"column":40},"end":{"line":54,"column":41}},"loc":{"start":{"line":54,"column":52},"end":{"line":56,"column":16}},"line":54}},"branchMap":{},"s":{"0":1,"1":1,"2":1,"3":1,"4":1,"5":1,"6":1,"7":1,"8":1,"9":1,"10":1,"11":1,"12":1,"13":1,"14":1,"15":1,"16":0,"17":1,"18":1},"f":{"0":1,"1":1,"2":0},"b":{},"inputSourceMap":{"0":"{","1":"\"","2":"v","3":"e","4":"r","5":"s","6":"i","7":"o","8":"n","9":"\"","10":":","11":"3","12":",","13":"\"","14":"s","15":"o","16":"u","17":"r","18":"c","19":"e","20":"s","21":"\"","22":":","23":"[","24":"\"","25":"/","26":"U","27":"s","28":"e","29":"r","30":"s","31":"/","32":"d","33":"e","34":"n","35":"i","36":"s","37":"i","38":"b","39":"a","40":"n","41":"e","42":"z","43":"r","44":"o","45":"d","46":"r","47":"i","48":"g","49":"u","50":"e","51":"s","52":"v","53":"i","54":"e","55":"i","56":"r","57":"a","58":"/","59":"D","60":"o","61":"c","62":"u","63":"m","64":"e","65":"n","66":"t","67":"s","68":"/","69":"P","70":"r","71":"o","72":"j","73":"e","74":"t","75":"o","76":"s","77":"/","78":"m","79":"a","80":"s","81":"t","82":"e","83":"r","84":"/","85":"c","86":"o","87":"m","88":"p","89":"o","90":"n","91":"e","92":"n","93":"t","94":"s","95":"/","96":"p","97":"u","98":"r","99":"e","100":"v","101":"i","102":"t","103":"e","104":"/","105":"d","106":"e","107":"s","108":"i","109":"g","110":"n","111":"-","112":"s","113":"y","114":"s","115":"t","116":"e","117":"m","118":"-","119":"u","120":"i","121":"/","122":"s","123":"r","124":"c","125":"/","126":"c","127":"o","128":"m","129":"p","130":"o","131":"n","132":"e","133":"n","134":"t","135":"s","136":"/","137":"b","138":"u","139":"t","140":"t","141":"o","142":"n","143":"s","144":"/","145":"Q","146":"c","147":"B","148":"u","149":"t","150":"t","151":"o","152":"n","153":".","154":"v","155":"u","156":"e","157":"\"","158":"]","159":",","160":"\"","161":"n","162":"a","163":"m","164":"e","165":"s","166":"\"","167":":","168":"[","169":"]","170":",","171":"\"","172":"m","173":"a","174":"p","175":"p","176":"i","177":"n","178":"g","179":"s","180":"\"","181":":","182":"\"","183":";","184":";","185":";","186":";","187":";","188":";","189":";","190":";","191":";","192":";","193":";","194":";","195":";","196":";","197":";","198":";","199":";","200":";","201":";","202":";","203":";","204":";","205":";","206":";","207":"I","208":"A","209":"k","210":"B","211":"Q","212":",","213":"I","214":"A","215":"A","216":"I","217":",","218":"K","219":"A","220":"A","221":"K","222":",","223":"G","224":"A","225":"A","226":"G","227":",","228":"O","229":"A","230":"A","231":"O","232":";","233":"I","234":"A","235":"S","236":"n","237":"B","238":",","239":"I","240":"A","241":"A","242":"I","243":",","244":"Y","245":"A","246":"A","247":"Y","248":",","249":"G","250":"A","251":"A","252":"G","253":";","254":"M","255":"A","256":"A","257":"E","258":",","259":"K","260":"A","261":"A","262":"K","263":",","264":"E","265":"A","266":"A","267":"E","268":";","269":"I","270":"A","271":"A","272":"M","273":",","274":"C","275":"A","276":"A","277":"C","278":"\"","279":",","280":"\"","281":"f","282":"i","283":"l","284":"e","285":"\"","286":":","287":"\"","288":"/","289":"U","290":"s","291":"e","292":"r","293":"s","294":"/","295":"d","296":"e","297":"n","298":"i","299":"s","300":"i","301":"b","302":"a","303":"n","304":"e","305":"z","306":"r","307":"o","308":"d","309":"r","310":"i","311":"g","312":"u","313":"e","314":"s","315":"v","316":"i","317":"e","318":"i","319":"r","320":"a","321":"/","322":"D","323":"o","324":"c","325":"u","326":"m","327":"e","328":"n","329":"t","330":"s","331":"/","332":"P","333":"r","334":"o","335":"j","336":"e","337":"t","338":"o","339":"s","340":"/","341":"m","342":"a","343":"s","344":"t","345":"e","346":"r","347":"/","348":"c","349":"o","350":"m","351":"p","352":"o","353":"n","354":"e","355":"n","356":"t","357":"s","358":"/","359":"p","360":"u","361":"r","362":"e","363":"v","364":"i","365":"t","366":"e","367":"/","368":"d","369":"e","370":"s","371":"i","372":"g","373":"n","374":"-","375":"s","376":"y","377":"s","378":"t","379":"e","380":"m","381":"-","382":"u","383":"i","384":"/","385":"s","386":"r","387":"c","388":"/","389":"c","390":"o","391":"m","392":"p","393":"o","394":"n","395":"e","396":"n","397":"t","398":"s","399":"/","400":"b","401":"u","402":"t","403":"t","404":"o","405":"n","406":"s","407":"/","408":"Q","409":"c","410":"B","411":"u","412":"t","413":"t","414":"o","415":"n","416":".","417":"v","418":"u","419":"e","420":"\"","421":",","422":"\"","423":"s","424":"o","425":"u","426":"r","427":"c","428":"e","429":"s","430":"C","431":"o","432":"n","433":"t","434":"e","435":"n","436":"t","437":"\"","438":":","439":"[","440":"\"","441":"<","442":"t","443":"e","444":"m","445":"p","446":"l","447":"a","448":"t","449":"e","450":">","451":"\\","452":"n","453":" ","454":" ","455":"<","456":"d","457":"i","458":"v","459":" ","460":"c","461":"l","462":"a","463":"s","464":"s","465":"=","466":"\\","467":"\"","468":"Q","469":"c","470":"B","471":"u","472":"t","473":"t","474":"o","475":"n","476":"_","477":"_","478":"w","479":"r","480":"a","481":"p","482":"p","483":"e","484":"r","485":"\\","486":"\"","487":">","488":"\\","489":"n","490":" ","491":" ","492":" ","493":" ","494":"<","495":"q","496":"-","497":"b","498":"t","499":"n","500":"\\","501":"n","502":" ","503":" ","504":" ","505":" ","506":" ","507":" ","508":":","509":"c","510":"o","511":"l","512":"o","513":"r","514":"=","515":"\\","516":"\"","517":"c","518":"o","519":"l","520":"o","521":"r","522":"\\","523":"\"","524":"\\","525":"n","526":" ","527":" ","528":" ","529":" ","530":" ","531":" ","532":":","533":"l","534":"a","535":"b","536":"e","537":"l","538":"=","539":"\\","540":"\"","541":"l","542":"a","543":"b","544":"e","545":"l","546":"\\","547":"\"","548":"\\","549":"n","550":" ","551":" ","552":" ","553":" ","554":" ","555":" ","556":":","557":"i","558":"c","559":"o","560":"n","561":"=","562":"\\","563":"\"","564":"i","565":"c","566":"o","567":"n","568":"\\","569":"\"","570":"\\","571":"n","572":" ","573":" ","574":" ","575":" ","576":" ","577":" ","578":":","579":"o","580":"u","581":"t","582":"l","583":"i","584":"n","585":"e","586":"=","587":"\\","588":"\"","589":"o","590":"u","591":"t","592":"l","593":"i","594":"n","595":"e","596":"\\","597":"\"","598":"\\","599":"n","600":" ","601":" ","602":" ","603":" ","604":" ","605":" ","606":":","607":"r","608":"o","609":"u","610":"n","611":"d","612":"=","613":"\\","614":"\"","615":"r","616":"o","617":"u","618":"n","619":"d","620":"\\","621":"\"","622":"\\","623":"n","624":" ","625":" ","626":" ","627":" ","628":" ","629":" ","630":":","631":"s","632":"i","633":"z","634":"e","635":"=","636":"\\","637":"\"","638":"s","639":"i","640":"z","641":"e","642":"\\","643":"\"","644":"\\","645":"n","646":" ","647":" ","648":" ","649":" ","650":" ","651":" ","652":":","653":"l","654":"o","655":"a","656":"d","657":"i","658":"n","659":"g","660":"=","661":"\\","662":"\"","663":"l","664":"o","665":"a","666":"d","667":"i","668":"n","669":"g","670":"\\","671":"\"","672":"\\","673":"n","674":" ","675":" ","676":" ","677":" ","678":">","679":"\\","680":"n","681":" ","682":" ","683":" ","684":" ","685":" ","686":" ","687":"<","688":"t","689":"e","690":"m","691":"p","692":"l","693":"a","694":"t","695":"e","696":" ","697":"v","698":"-","699":"s","700":"l","701":"o","702":"t","703":":","704":"l","705":"o","706":"a","707":"d","708":"i","709":"n","710":"g","711":">","712":"\\","713":"n","714":" ","715":" ","716":" ","717":" ","718":" ","719":" ","720":" ","721":" ","722":"<","723":"q","724":"-","725":"s","726":"p","727":"i","728":"n","729":"n","730":"e","731":"r","732":"-","733":"f","734":"a","735":"c","736":"e","737":"b","738":"o","739":"o","740":"k","741":" ","742":"/","743":">","744":"\\","745":"n","746":" ","747":" ","748":" ","749":" ","750":" ","751":" ","752":"<","753":"/","754":"t","755":"e","756":"m","757":"p","758":"l","759":"a","760":"t","761":"e","762":">","763":"\\","764":"n","765":" ","766":" ","767":" ","768":" ","769":"<","770":"/","771":"q","772":"-","773":"b","774":"t","775":"n","776":">","777":"\\","778":"n","779":" ","780":" ","781":"<","782":"/","783":"d","784":"i","785":"v","786":">","787":"\\","788":"n","789":"<","790":"/","791":"t","792":"e","793":"m","794":"p","795":"l","796":"a","797":"t","798":"e","799":">","800":"\\","801":"n","802":"\\","803":"n","804":"<","805":"s","806":"c","807":"r","808":"i","809":"p","810":"t","811":" ","812":"s","813":"e","814":"t","815":"u","816":"p","817":" ","818":"l","819":"a","820":"n","821":"g","822":"=","823":"\\","824":"\"","825":"t","826":"s","827":"\\","828":"\"","829":">","830":"\\","831":"n","832":"c","833":"o","834":"n","835":"s","836":"t","837":" ","838":"p","839":"r","840":"o","841":"p","842":"s","843":" ","844":"=","845":" ","846":"d","847":"e","848":"f","849":"i","850":"n","851":"e","852":"P","853":"r","854":"o","855":"p","856":"s","857":"(","858":"{","859":"\\","860":"n","861":" ","862":" ","863":"c","864":"o","865":"l","866":"o","867":"r","868":":","869":" ","870":"S","871":"t","872":"r","873":"i","874":"n","875":"g","876":",","877":"\\","878":"n","879":" ","880":" ","881":"l","882":"a","883":"b","884":"e","885":"l","886":":","887":" ","888":"S","889":"t","890":"r","891":"i","892":"n","893":"g","894":",","895":"\\","896":"n","897":" ","898":" ","899":"o","900":"u","901":"t","902":"l","903":"i","904":"n","905":"e","906":":","907":" ","908":"B","909":"o","910":"o","911":"l","912":"e","913":"a","914":"n","915":",","916":"\\","917":"n","918":" ","919":" ","920":"i","921":"c","922":"o","923":"n","924":":","925":" ","926":"S","927":"t","928":"r","929":"i","930":"n","931":"g","932":",","933":"\\","934":"n","935":" ","936":" ","937":"r","938":"o","939":"u","940":"n","941":"d","942":":","943":" ","944":"B","945":"o","946":"o","947":"l","948":"e","949":"a","950":"n","951":",","952":"\\","953":"n","954":" ","955":" ","956":"s","957":"i","958":"z","959":"e","960":":","961":" ","962":"S","963":"t","964":"r","965":"i","966":"n","967":"g","968":",","969":"\\","970":"n","971":" ","972":" ","973":"l","974":"o","975":"a","976":"d","977":"i","978":"n","979":"g","980":":","981":" ","982":"B","983":"o","984":"o","985":"l","986":"e","987":"a","988":"n","989":",","990":"\\","991":"n","992":"}","993":")","994":";","995":"\\","996":"n","997":"<","998":"/","999":"s","1000":"c","1001":"r","1002":"i","1003":"p","1004":"t","1005":">","1006":"\\","1007":"n","1008":"\\","1009":"n","1010":"<","1011":"s","1012":"t","1013":"y","1014":"l","1015":"e","1016":" ","1017":"l","1018":"a","1019":"n","1020":"g","1021":"=","1022":"\\","1023":"\"","1024":"s","1025":"c","1026":"s","1027":"s","1028":"\\","1029":"\"","1030":" ","1031":"s","1032":"c","1033":"o","1034":"p","1035":"e","1036":"d","1037":">","1038":"<","1039":"/","1040":"s","1041":"t","1042":"y","1043":"l","1044":"e","1045":">","1046":"\\","1047":"n","1048":"\"","1049":"]","1050":"}"},"_coverageSchema":"1a1c01bbd47fc00a2c39e90264f33305004495a9","hash":"a26c990cc0ff65592ccc160c2b3565f217dd9113"}
,"/Users/denisibanezrodriguesvieira/Documents/Projetos/master/components/purevite/design-system-ui/src/components/form/textField/QcTextfield.vue": {"path":"/Users/denisibanezrodriguesvieira/Documents/Projetos/master/components/purevite/design-system-ui/src/components/form/textField/QcTextfield.vue","statementMap":{"0":{"start":{"line":3,"column":0},"end":{"line":5,"column":3}},"1":{"start":{"line":6,"column":12},"end":{"line":6,"column":26}},"2":{"start":{"line":7,"column":12},"end":{"line":7,"column":26}},"3":{"start":{"line":8,"column":0},"end":{"line":40,"column":3}},"4":{"start":{"line":19,"column":17},"end":{"line":19,"column":26}},"5":{"start":{"line":20,"column":14},"end":{"line":20,"column":21}},"6":{"start":{"line":21,"column":4},"end":{"line":21,"column":13}},"7":{"start":{"line":22,"column":16},"end":{"line":22,"column":23}},"8":{"start":{"line":23,"column":16},"end":{"line":23,"column":36}},"9":{"start":{"line":25,"column":6},"end":{"line":25,"column":24}},"10":{"start":{"line":26,"column":6},"end":{"line":26,"column":35}},"11":{"start":{"line":28,"column":23},"end":{"line":33,"column":5}},"12":{"start":{"line":34,"column":4},"end":{"line":37,"column":7}},"13":{"start":{"line":38,"column":4},"end":{"line":38,"column":24}},"14":{"start":{"line":42,"column":0},"end":{"line":42,"column":62}},"15":{"start":{"line":43,"column":0},"end":{"line":43,"column":24}},"16":{"start":{"line":44,"column":12},"end":{"line":44,"column":26}},"17":{"start":{"line":45,"column":17},"end":{"line":45,"column":50}},"18":{"start":{"line":47,"column":29},"end":{"line":47,"column":67}},"19":{"start":{"line":48,"column":4},"end":{"line":58,"column":8}},"20":{"start":{"line":52,"column":62},"end":{"line":52,"column":95}},"21":{"start":{"line":53,"column":64},"end":{"line":53,"column":96}},"22":{"start":{"line":60,"column":0},"end":{"line":60,"column":24}},"23":{"start":{"line":61,"column":1},"end":{"line":61,"column":48}}},"fnMap":{"0":{"name":"setup","decl":{"start":{"line":18,"column":2},"end":{"line":18,"column":7}},"loc":{"start":{"line":18,"column":21},"end":{"line":39,"column":3}},"line":18},"1":{"name":"onInput","decl":{"start":{"line":24,"column":13},"end":{"line":24,"column":20}},"loc":{"start":{"line":24,"column":27},"end":{"line":27,"column":5}},"line":24},"2":{"name":"render","decl":{"start":{"line":46,"column":9},"end":{"line":46,"column":15}},"loc":{"start":{"line":46,"column":63},"end":{"line":59,"column":1}},"line":46},"3":{"name":"(anonymous_3)","decl":{"start":{"line":52,"column":42},"end":{"line":52,"column":43}},"loc":{"start":{"line":52,"column":60},"end":{"line":52,"column":97}},"line":52},"4":{"name":"(anonymous_4)","decl":{"start":{"line":53,"column":42},"end":{"line":53,"column":43}},"loc":{"start":{"line":53,"column":62},"end":{"line":53,"column":98}},"line":53}},"branchMap":{"0":{"loc":{"start":{"line":52,"column":16},"end":{"line":52,"column":98}},"type":"binary-expr","locations":[{"start":{"line":52,"column":16},"end":{"line":52,"column":25}},{"start":{"line":52,"column":30},"end":{"line":52,"column":97}}],"line":52},"1":{"loc":{"start":{"line":53,"column":16},"end":{"line":53,"column":99}},"type":"binary-expr","locations":[{"start":{"line":53,"column":16},"end":{"line":53,"column":25}},{"start":{"line":53,"column":30},"end":{"line":53,"column":98}}],"line":53}},"s":{"0":1,"1":1,"2":1,"3":1,"4":1,"5":1,"6":1,"7":1,"8":1,"9":0,"10":0,"11":1,"12":1,"13":1,"14":1,"15":1,"16":1,"17":1,"18":1,"19":1,"20":0,"21":0,"22":1,"23":1},"f":{"0":1,"1":0,"2":1,"3":0,"4":0},"b":{"0":[1,1],"1":[1,1]},"inputSourceMap":{"0":"{","1":"\"","2":"v","3":"e","4":"r","5":"s","6":"i","7":"o","8":"n","9":"\"","10":":","11":"3","12":",","13":"\"","14":"s","15":"o","16":"u","17":"r","18":"c","19":"e","20":"s","21":"\"","22":":","23":"[","24":"\"","25":"/","26":"U","27":"s","28":"e","29":"r","30":"s","31":"/","32":"d","33":"e","34":"n","35":"i","36":"s","37":"i","38":"b","39":"a","40":"n","41":"e","42":"z","43":"r","44":"o","45":"d","46":"r","47":"i","48":"g","49":"u","50":"e","51":"s","52":"v","53":"i","54":"e","55":"i","56":"r","57":"a","58":"/","59":"D","60":"o","61":"c","62":"u","63":"m","64":"e","65":"n","66":"t","67":"s","68":"/","69":"P","70":"r","71":"o","72":"j","73":"e","74":"t","75":"o","76":"s","77":"/","78":"m","79":"a","80":"s","81":"t","82":"e","83":"r","84":"/","85":"c","86":"o","87":"m","88":"p","89":"o","90":"n","91":"e","92":"n","93":"t","94":"s","95":"/","96":"p","97":"u","98":"r","99":"e","100":"v","101":"i","102":"t","103":"e","104":"/","105":"d","106":"e","107":"s","108":"i","109":"g","110":"n","111":"-","112":"s","113":"y","114":"s","115":"t","116":"e","117":"m","118":"-","119":"u","120":"i","121":"/","122":"s","123":"r","124":"c","125":"/","126":"c","127":"o","128":"m","129":"p","130":"o","131":"n","132":"e","133":"n","134":"t","135":"s","136":"/","137":"f","138":"o","139":"r","140":"m","141":"/","142":"t","143":"e","144":"x","145":"t","146":"F","147":"i","148":"e","149":"l","150":"d","151":"/","152":"Q","153":"c","154":"T","155":"e","156":"x","157":"t","158":"f","159":"i","160":"e","161":"l","162":"d","163":".","164":"v","165":"u","166":"e","167":"\"","168":"]","169":",","170":"\"","171":"n","172":"a","173":"m","174":"e","175":"s","176":"\"","177":":","178":"[","179":"]","180":",","181":"\"","182":"m","183":"a","184":"p","185":"p","186":"i","187":"n","188":"g","189":"s","190":"\"","191":":","192":"\"","193":";","194":";","195":"A","196":"A","197":"Y","198":"A","199":",","200":"M","201":"A","202":"A","203":"M","204":",","205":"C","206":"A","207":"A","208":"C","209":",","210":"c","211":"A","212":"A","213":"c","214":",","215":"C","216":"A","217":"A","218":"C","219":",","220":"O","221":"A","222":"A","223":"O","224":",","225":"E","226":"A","227":"A","228":"E","229":",","230":"Y","231":"A","232":"A","233":"Y","234":",","235":"E","236":"A","237":"A","238":"E","239":";","240":"E","241":"A","242":"A","243":"E","244":",","245":"K","246":"A","247":"A","248":"K","249":",","250":"E","251":"A","252":"A","253":"E","254":";","255":"A","256":"A","257":"A","258":"K","259":",","260":"C","261":"A","262":"A","263":"C","264":",","265":"C","266":"A","267":"A","268":"C","269":";","270":"A","271":"A","272":"C","273":"7","274":"D","275":",","276":"I","277":"A","278":"A","279":"I","280":",","281":"K","282":"A","283":"A","284":"K","285":",","286":"G","287":"A","288":"A","289":"G","290":",","291":"O","292":"A","293":"A","294":"O","295":",","296":"C","297":"A","298":"A","299":"C","300":",","301":"K","302":"A","303":"A","304":"K","305":",","306":"C","307":"A","308":"A","309":"C","310":";","311":";","312":";","313":";","314":";","315":";","316":";","317":";","318":";","319":";","320":";","321":";","322":";","323":";","324":";","325":";","326":";","327":"I","328":"A","329":"F","330":"l","331":"B","332":",","333":"I","334":"A","335":"A","336":"I","337":",","338":"K","339":"A","340":"A","341":"K","342":",","343":"G","344":"A","345":"A","346":"G","347":",","348":"C","349":"A","350":"A","351":"C","352":",","353":"C","354":"A","355":"A","356":"C","357":",","358":"E","359":"A","360":"A","361":"E","362":",","363":"K","364":"A","365":"A","366":"K","367":",","368":"C","369":"A","370":"A","371":"C","372":",","373":"G","374":"A","375":"A","376":"G","377":",","378":"E","379":"A","380":"A","381":"E","382":",","383":"I","384":"A","385":"A","386":"I","387":",","388":"C","389":"A","390":"A","391":"C","392":";","393":"I","394":"A","395":"K","396":"h","397":"C","398":",","399":"S","400":"A","401":"A","402":"S","403":",","404":"O","405":"A","406":"A","407":"O","408":",","409":"C","410":"A","411":"A","412":"C","413":",","414":"I","415":"A","416":"A","417":"I","418":",","419":"E","420":"A","421":"A","422":"E","423":";","424":"M","425":"A","426":"C","427":"n","428":"B","429":",","430":"O","431":"A","432":"A","433":"O","434":",","435":"C","436":"A","437":"A","438":"C","439":",","440":"G","441":"A","442":"A","443":"G","444":",","445":"C","446":"A","447":"A","448":"C","449":",","450":"I","451":"A","452":"A","453":"I","454":",","455":"C","456":"A","457":"A","458":"C","459":";","460":"M","461":"A","462":"C","463":"j","464":"B","465":",","466":"K","467":"A","468":"A","469":"K","470":",","471":"C","472":"A","473":"A","474":"C","475":",","476":"e","477":"A","478":"A","479":"e","480":",","481":"E","482":"A","483":"A","484":"E","485":",","486":"I","487":"A","488":"A","489":"I","490":",","491":"C","492":"A","493":"A","494":"C","495":";","496":"I","497":"A","498":"C","499":"h","500":"C","501":";","502":"I","503":"A","504":"C","505":"A","506":",","507":"I","508":"A","509":"A","510":"I","511":",","512":"Y","513":"A","514":"A","515":"Y","516":",","517":"G","518":"A","519":"A","520":"G","521":";","522":"M","523":"A","524":"A","525":"E","526":",","527":"K","528":"A","529":"A","530":"K","531":",","532":"E","533":"A","534":"A","535":"E","536":",","537":"K","538":"A","539":"A","540":"K","541":";","542":"M","543":"A","544":"A","545":"E","546":",","547":"K","548":"A","549":"A","550":"K","551":",","552":"E","553":"A","554":"A","555":"E","556":",","557":"K","558":"A","559":"A","560":"K","561":";","562":"M","563":"A","564":"A","565":"E","566":",","567":"K","568":"A","569":"A","570":"K","571":",","572":"E","573":"A","574":"A","575":"E","576":",","577":"K","578":"A","579":"A","580":"K","581":";","582":"M","583":"A","584":"A","585":"E","586":",","587":"O","588":"A","589":"A","590":"O","591":",","592":"E","593":"A","594":"A","595":"E","596":";","597":"I","598":"A","599":"A","600":"Q","601":",","602":"C","603":"A","604":"A","605":"C","606":";","607":"I","608":"A","609":"C","610":"j","611":"F","612":",","613":"M","614":"A","615":"A","616":"M","617":",","618":"C","619":"A","620":"A","621":"C","622":",","623":"c","624":"A","625":"A","626":"c","627":",","628":"C","629":"A","630":"A","631":"C","632":",","633":"Y","634":"A","635":"A","636":"Y","637":",","638":"E","639":"A","640":"A","641":"E","642":",","643":"i","644":"B","645":"A","646":"A","647":"i","648":"B","649":",","650":"E","651":"A","652":"A","653":"E","654":";","655":"M","656":"A","657":"A","658":"E","659":",","660":"U","661":"A","662":"A","663":"U","664":",","665":"E","666":"A","667":"A","668":"E","669":",","670":"K","671":"A","672":"A","673":"K","674":";","675":"M","676":"A","677":"A","678":"E","679":",","680":"K","681":"A","682":"A","683":"K","684":",","685":"E","686":"A","687":"A","688":"E","689":";","690":"I","691":"A","692":"A","693":"K","694":",","695":"C","696":"A","697":"A","698":"C","699":",","700":"C","701":"A","702":"A","703":"C","704":";","705":"I","706":"A","707":"C","708":"1","709":"F","710":",","711":"O","712":"A","713":"A","714":"O","715":",","716":"Y","717":"A","718":"A","719":"Y","720":";","721":"E","722":"A","723":"C","724":"v","725":"B","726":";","727":"A","728":"A","729":"C","730":"J","731":",","732":"C","733":"A","734":"A","735":"C","736":",","737":"C","738":"A","739":"A","740":"C","741":"\"","742":",","743":"\"","744":"f","745":"i","746":"l","747":"e","748":"\"","749":":","750":"\"","751":"/","752":"U","753":"s","754":"e","755":"r","756":"s","757":"/","758":"d","759":"e","760":"n","761":"i","762":"s","763":"i","764":"b","765":"a","766":"n","767":"e","768":"z","769":"r","770":"o","771":"d","772":"r","773":"i","774":"g","775":"u","776":"e","777":"s","778":"v","779":"i","780":"e","781":"i","782":"r","783":"a","784":"/","785":"D","786":"o","787":"c","788":"u","789":"m","790":"e","791":"n","792":"t","793":"s","794":"/","795":"P","796":"r","797":"o","798":"j","799":"e","800":"t","801":"o","802":"s","803":"/","804":"m","805":"a","806":"s","807":"t","808":"e","809":"r","810":"/","811":"c","812":"o","813":"m","814":"p","815":"o","816":"n","817":"e","818":"n","819":"t","820":"s","821":"/","822":"p","823":"u","824":"r","825":"e","826":"v","827":"i","828":"t","829":"e","830":"/","831":"d","832":"e","833":"s","834":"i","835":"g","836":"n","837":"-","838":"s","839":"y","840":"s","841":"t","842":"e","843":"m","844":"-","845":"u","846":"i","847":"/","848":"s","849":"r","850":"c","851":"/","852":"c","853":"o","854":"m","855":"p","856":"o","857":"n","858":"e","859":"n","860":"t","861":"s","862":"/","863":"f","864":"o","865":"r","866":"m","867":"/","868":"t","869":"e","870":"x","871":"t","872":"F","873":"i","874":"e","875":"l","876":"d","877":"/","878":"Q","879":"c","880":"T","881":"e","882":"x","883":"t","884":"f","885":"i","886":"e","887":"l","888":"d","889":".","890":"v","891":"u","892":"e","893":"\"","894":",","895":"\"","896":"s","897":"o","898":"u","899":"r","900":"c","901":"e","902":"s","903":"C","904":"o","905":"n","906":"t","907":"e","908":"n","909":"t","910":"\"","911":":","912":"[","913":"\"","914":"<","915":"t","916":"e","917":"m","918":"p","919":"l","920":"a","921":"t","922":"e","923":">","924":"\\","925":"n","926":" ","927":" ","928":"<","929":"d","930":"i","931":"v","932":" ","933":"c","934":"l","935":"a","936":"s","937":"s","938":"=","939":"\\","940":"\"","941":"Q","942":"c","943":"T","944":"e","945":"x","946":"t","947":"f","948":"i","949":"e","950":"l","951":"d","952":"_","953":"_","954":"w","955":"r","956":"a","957":"p","958":"p","959":"e","960":"r","961":"\\","962":"\"","963":">","964":"\\","965":"n","966":" ","967":" ","968":" ","969":" ","970":"<","971":"q","972":"-","973":"i","974":"n","975":"p","976":"u","977":"t","978":"\\","979":"n","980":" ","981":" ","982":" ","983":" ","984":" ","985":" ","986":"v","987":"-","988":"m","989":"o","990":"d","991":"e","992":"l","993":"=","994":"\\","995":"\"","996":"m","997":"o","998":"d","999":"e","1000":"l","1001":"\\","1002":"\"","1003":"\\","1004":"n","1005":" ","1006":" ","1007":" ","1008":" ","1009":" ","1010":" ","1011":":","1012":"l","1013":"a","1014":"b","1015":"e","1016":"l","1017":"=","1018":"\\","1019":"\"","1020":"l","1021":"a","1022":"b","1023":"e","1024":"l","1025":"\\","1026":"\"","1027":"\\","1028":"n","1029":" ","1030":" ","1031":" ","1032":" ","1033":" ","1034":" ","1035":"o","1036":"u","1037":"t","1038":"l","1039":"i","1040":"n","1041":"e","1042":"d","1043":"\\","1044":"n","1045":" ","1046":" ","1047":" ","1048":" ","1049":" ","1050":" ","1051":"@","1052":"u","1053":"p","1054":"d","1055":"a","1056":"t","1057":"e","1058":":","1059":"m","1060":"o","1061":"d","1062":"e","1063":"l","1064":"-","1065":"v","1066":"a","1067":"l","1068":"u","1069":"e","1070":"=","1071":"\\","1072":"\"","1073":"(","1074":"n","1075":"e","1076":"w","1077":"V","1078":"a","1079":"l","1080":"u","1081":"e","1082":")","1083":" ","1084":"=","1085":">","1086":" ","1087":"o","1088":"n","1089":"I","1090":"n","1091":"p","1092":"u","1093":"t","1094":"(","1095":"n","1096":"e","1097":"w","1098":"V","1099":"a","1100":"l","1101":"u","1102":"e","1103":")","1104":"\\","1105":"\"","1106":"\\","1107":"n","1108":" ","1109":" ","1110":" ","1111":" ","1112":"/","1113":">","1114":"\\","1115":"n","1116":" ","1117":" ","1118":"<","1119":"/","1120":"d","1121":"i","1122":"v","1123":">","1124":"\\","1125":"n","1126":"<","1127":"/","1128":"t","1129":"e","1130":"m","1131":"p","1132":"l","1133":"a","1134":"t","1135":"e","1136":">","1137":"\\","1138":"n","1139":"\\","1140":"n","1141":"<","1142":"s","1143":"c","1144":"r","1145":"i","1146":"p","1147":"t","1148":" ","1149":"l","1150":"a","1151":"n","1152":"g","1153":"=","1154":"\\","1155":"\"","1156":"t","1157":"s","1158":"\\","1159":"\"","1160":" ","1161":"s","1162":"e","1163":"t","1164":"u","1165":"p","1166":">","1167":"\\","1168":"n","1169":"i","1170":"m","1171":"p","1172":"o","1173":"r","1174":"t","1175":" ","1176":"{","1177":" ","1178":"R","1179":"e","1180":"f","1181":",","1182":" ","1183":"r","1184":"e","1185":"f","1186":",","1187":" ","1188":"d","1189":"e","1190":"f","1191":"i","1192":"n","1193":"e","1194":"E","1195":"m","1196":"i","1197":"t","1198":"s","1199":" ","1200":"}","1201":" ","1202":"f","1203":"r","1204":"o","1205":"m","1206":" ","1207":"'","1208":"v","1209":"u","1210":"e","1211":"'","1212":";","1213":"\\","1214":"n","1215":"\\","1216":"n","1217":"c","1218":"o","1219":"n","1220":"s","1221":"t","1222":" ","1223":"p","1224":"r","1225":"o","1226":"p","1227":"s","1228":" ","1229":"=","1230":" ","1231":"d","1232":"e","1233":"f","1234":"i","1235":"n","1236":"e","1237":"P","1238":"r","1239":"o","1240":"p","1241":"s","1242":"(","1243":"{","1244":"\\","1245":"n","1246":" ","1247":" ","1248":"l","1249":"a","1250":"b","1251":"e","1252":"l","1253":":","1254":" ","1255":"S","1256":"t","1257":"r","1258":"i","1259":"n","1260":"g","1261":",","1262":"\\","1263":"n","1264":"}","1265":")","1266":";","1267":"\\","1268":"n","1269":"\\","1270":"n","1271":"c","1272":"o","1273":"n","1274":"s","1275":"t","1276":" ","1277":"$","1278":"e","1279":"m","1280":"i","1281":"t","1282":" ","1283":"=","1284":" ","1285":"d","1286":"e","1287":"f","1288":"i","1289":"n","1290":"e","1291":"E","1292":"m","1293":"i","1294":"t","1295":"s","1296":"(","1297":"[","1298":"'","1299":"o","1300":"n","1301":"I","1302":"n","1303":"p","1304":"u","1305":"t","1306":"C","1307":"h","1308":"a","1309":"n","1310":"g","1311":"e","1312":"'","1313":"]","1314":")","1315":";","1316":"\\","1317":"n","1318":"\\","1319":"n","1320":"c","1321":"o","1322":"n","1323":"s","1324":"t","1325":" ","1326":"m","1327":"o","1328":"d","1329":"e","1330":"l","1331":":","1332":" ","1333":"R","1334":"e","1335":"f","1336":"<","1337":"s","1338":"t","1339":"r","1340":"i","1341":"n","1342":"g","1343":" ","1344":"|","1345":" ","1346":"n","1347":"u","1348":"l","1349":"l","1350":" ","1351":"|","1352":" ","1353":"n","1354":"u","1355":"m","1356":"b","1357":"e","1358":"r","1359":">","1360":" ","1361":"=","1362":" ","1363":"r","1364":"e","1365":"f","1366":"(","1367":"n","1368":"u","1369":"l","1370":"l","1371":")","1372":";","1373":"\\","1374":"n","1375":"\\","1376":"n","1377":"f","1378":"u","1379":"n","1380":"c","1381":"t","1382":"i","1383":"o","1384":"n","1385":" ","1386":"o","1387":"n","1388":"I","1389":"n","1390":"p","1391":"u","1392":"t","1393":"(","1394":"t","1395":"e","1396":"x","1397":"t","1398":":","1399":" ","1400":"s","1401":"t","1402":"r","1403":"i","1404":"n","1405":"g","1406":" ","1407":"|","1408":" ","1409":"n","1410":"u","1411":"l","1412":"l","1413":" ","1414":"|","1415":" ","1416":"n","1417":"u","1418":"m","1419":"b","1420":"e","1421":"r","1422":")","1423":" ","1424":"{","1425":"\\","1426":"n","1427":" ","1428":" ","1429":"c","1430":"o","1431":"n","1432":"s","1433":"o","1434":"l","1435":"e","1436":".","1437":"l","1438":"o","1439":"g","1440":"(","1441":"t","1442":"e","1443":"x","1444":"t","1445":")","1446":";","1447":"\\","1448":"n","1449":" ","1450":" ","1451":"$","1452":"e","1453":"m","1454":"i","1455":"t","1456":"(","1457":"'","1458":"o","1459":"n","1460":"I","1461":"n","1462":"p","1463":"u","1464":"t","1465":"C","1466":"h","1467":"a","1468":"n","1469":"g","1470":"e","1471":"'","1472":",","1473":" ","1474":"t","1475":"e","1476":"x","1477":"t","1478":")","1479":";","1480":"\\","1481":"n","1482":"}","1483":"\\","1484":"n","1485":"<","1486":"/","1487":"s","1488":"c","1489":"r","1490":"i","1491":"p","1492":"t","1493":">","1494":"\\","1495":"n","1496":"\"","1497":"]","1498":"}"},"_coverageSchema":"1a1c01bbd47fc00a2c39e90264f33305004495a9","hash":"0c63f616e8ce7aa4acf025e90b46330ab365ce72"}
,"/Users/denisibanezrodriguesvieira/Documents/Projetos/master/components/purevite/design-system-ui/src/components/loading/QcLoading.vue": {"path":"/Users/denisibanezrodriguesvieira/Documents/Projetos/master/components/purevite/design-system-ui/src/components/loading/QcLoading.vue","statementMap":{"0":{"start":{"line":3,"column":0},"end":{"line":5,"column":3}},"1":{"start":{"line":6,"column":12},"end":{"line":6,"column":26}},"2":{"start":{"line":7,"column":0},"end":{"line":32,"column":3}},"3":{"start":{"line":20,"column":17},"end":{"line":20,"column":26}},"4":{"start":{"line":21,"column":4},"end":{"line":21,"column":13}},"5":{"start":{"line":22,"column":16},"end":{"line":22,"column":23}},"6":{"start":{"line":23,"column":23},"end":{"line":25,"column":5}},"7":{"start":{"line":26,"column":4},"end":{"line":29,"column":7}},"8":{"start":{"line":30,"column":4},"end":{"line":30,"column":24}},"9":{"start":{"line":34,"column":0},"end":{"line":34,"column":62}},"10":{"start":{"line":35,"column":0},"end":{"line":35,"column":24}},"11":{"start":{"line":36,"column":12},"end":{"line":36,"column":26}},"12":{"start":{"line":37,"column":17},"end":{"line":40,"column":1}},"13":{"start":{"line":42,"column":36},"end":{"line":42,"column":81}},"14":{"start":{"line":43,"column":4},"end":{"line":51,"column":54}},"15":{"start":{"line":53,"column":0},"end":{"line":53,"column":24}},"16":{"start":{"line":54,"column":1},"end":{"line":54,"column":48}}},"fnMap":{"0":{"name":"setup","decl":{"start":{"line":19,"column":2},"end":{"line":19,"column":7}},"loc":{"start":{"line":19,"column":21},"end":{"line":31,"column":3}},"line":19},"1":{"name":"render","decl":{"start":{"line":41,"column":9},"end":{"line":41,"column":15}},"loc":{"start":{"line":41,"column":63},"end":{"line":52,"column":1}},"line":41}},"branchMap":{"0":{"loc":{"start":{"line":43,"column":11},"end":{"line":51,"column":53}},"type":"cond-expr","locations":[{"start":{"line":44,"column":11},"end":{"line":50,"column":10}},{"start":{"line":51,"column":10},"end":{"line":51,"column":53}}],"line":43}},"s":{"0":1,"1":1,"2":1,"3":1,"4":1,"5":1,"6":1,"7":1,"8":1,"9":1,"10":1,"11":1,"12":1,"13":1,"14":1,"15":1,"16":1},"f":{"0":1,"1":1},"b":{"0":[0,1]},"inputSourceMap":{"0":"{","1":"\"","2":"v","3":"e","4":"r","5":"s","6":"i","7":"o","8":"n","9":"\"","10":":","11":"3","12":",","13":"\"","14":"s","15":"o","16":"u","17":"r","18":"c","19":"e","20":"s","21":"\"","22":":","23":"[","24":"\"","25":"/","26":"U","27":"s","28":"e","29":"r","30":"s","31":"/","32":"d","33":"e","34":"n","35":"i","36":"s","37":"i","38":"b","39":"a","40":"n","41":"e","42":"z","43":"r","44":"o","45":"d","46":"r","47":"i","48":"g","49":"u","50":"e","51":"s","52":"v","53":"i","54":"e","55":"i","56":"r","57":"a","58":"/","59":"D","60":"o","61":"c","62":"u","63":"m","64":"e","65":"n","66":"t","67":"s","68":"/","69":"P","70":"r","71":"o","72":"j","73":"e","74":"t","75":"o","76":"s","77":"/","78":"m","79":"a","80":"s","81":"t","82":"e","83":"r","84":"/","85":"c","86":"o","87":"m","88":"p","89":"o","90":"n","91":"e","92":"n","93":"t","94":"s","95":"/","96":"p","97":"u","98":"r","99":"e","100":"v","101":"i","102":"t","103":"e","104":"/","105":"d","106":"e","107":"s","108":"i","109":"g","110":"n","111":"-","112":"s","113":"y","114":"s","115":"t","116":"e","117":"m","118":"-","119":"u","120":"i","121":"/","122":"s","123":"r","124":"c","125":"/","126":"c","127":"o","128":"m","129":"p","130":"o","131":"n","132":"e","133":"n","134":"t","135":"s","136":"/","137":"l","138":"o","139":"a","140":"d","141":"i","142":"n","143":"g","144":"/","145":"Q","146":"c","147":"L","148":"o","149":"a","150":"d","151":"i","152":"n","153":"g","154":".","155":"v","156":"u","157":"e","158":"\"","159":"]","160":",","161":"\"","162":"n","163":"a","164":"m","165":"e","166":"s","167":"\"","168":":","169":"[","170":"]","171":",","172":"\"","173":"m","174":"a","175":"p","176":"p","177":"i","178":"n","179":"g","180":"s","181":"\"","182":":","183":"\"","184":";","185":";","186":";","187":";","188":";","189":";","190":";","191":";","192":";","193":";","194":";","195":";","196":";","197":";","198":";","199":";","200":";","201":";","202":";","203":";","204":";","205":"I","206":"A","207":"Q","208":"Q","209":",","210":"I","211":"A","212":"A","213":"I","214":",","215":"K","216":"A","217":"A","218":"K","219":",","220":"G","221":"A","222":"A","223":"G","224":",","225":"O","226":"A","227":"A","228":"O","229":";","230":"I","231":"A","232":"M","233":"n","234":"B","235":",","236":"I","237":"A","238":"A","239":"I","240":",","241":"Y","242":"A","243":"A","244":"Y","245":",","246":"G","247":"A","248":"A","249":"G","250":";","251":"M","252":"A","253":"A","254":"E","255":",","256":"K","257":"A","258":"A","259":"K","260":",","261":"E","262":"A","263":"A","264":"E","265":";","266":"I","267":"A","268":"A","269":"M","270":",","271":"C","272":"A","273":"A","274":"C","275":"\"","276":",","277":"\"","278":"f","279":"i","280":"l","281":"e","282":"\"","283":":","284":"\"","285":"/","286":"U","287":"s","288":"e","289":"r","290":"s","291":"/","292":"d","293":"e","294":"n","295":"i","296":"s","297":"i","298":"b","299":"a","300":"n","301":"e","302":"z","303":"r","304":"o","305":"d","306":"r","307":"i","308":"g","309":"u","310":"e","311":"s","312":"v","313":"i","314":"e","315":"i","316":"r","317":"a","318":"/","319":"D","320":"o","321":"c","322":"u","323":"m","324":"e","325":"n","326":"t","327":"s","328":"/","329":"P","330":"r","331":"o","332":"j","333":"e","334":"t","335":"o","336":"s","337":"/","338":"m","339":"a","340":"s","341":"t","342":"e","343":"r","344":"/","345":"c","346":"o","347":"m","348":"p","349":"o","350":"n","351":"e","352":"n","353":"t","354":"s","355":"/","356":"p","357":"u","358":"r","359":"e","360":"v","361":"i","362":"t","363":"e","364":"/","365":"d","366":"e","367":"s","368":"i","369":"g","370":"n","371":"-","372":"s","373":"y","374":"s","375":"t","376":"e","377":"m","378":"-","379":"u","380":"i","381":"/","382":"s","383":"r","384":"c","385":"/","386":"c","387":"o","388":"m","389":"p","390":"o","391":"n","392":"e","393":"n","394":"t","395":"s","396":"/","397":"l","398":"o","399":"a","400":"d","401":"i","402":"n","403":"g","404":"/","405":"Q","406":"c","407":"L","408":"o","409":"a","410":"d","411":"i","412":"n","413":"g","414":".","415":"v","416":"u","417":"e","418":"\"","419":",","420":"\"","421":"s","422":"o","423":"u","424":"r","425":"c","426":"e","427":"s","428":"C","429":"o","430":"n","431":"t","432":"e","433":"n","434":"t","435":"\"","436":":","437":"[","438":"\"","439":"<","440":"t","441":"e","442":"m","443":"p","444":"l","445":"a","446":"t","447":"e","448":">","449":"\\","450":"n","451":" ","452":" ","453":"<","454":"d","455":"i","456":"v","457":" ","458":"c","459":"l","460":"a","461":"s","462":"s","463":"=","464":"\\","465":"\"","466":"Q","467":"c","468":"L","469":"o","470":"a","471":"d","472":"i","473":"n","474":"g","475":"_","476":"_","477":"w","478":"r","479":"a","480":"p","481":"p","482":"e","483":"r","484":"\\","485":"\"","486":" ","487":"v","488":"-","489":"i","490":"f","491":"=","492":"\\","493":"\"","494":"l","495":"o","496":"a","497":"d","498":"i","499":"n","500":"g","501":"\\","502":"\"","503":">","504":"\\","505":"n","506":" ","507":" ","508":" ","509":" ","510":"<","511":"q","512":"-","513":"s","514":"p","515":"i","516":"n","517":"n","518":"e","519":"r","520":"-","521":"p","522":"u","523":"f","524":"f","525":" ","526":":","527":"c","528":"o","529":"l","530":"o","531":"r","532":"=","533":"\\","534":"\"","535":"c","536":"o","537":"l","538":"o","539":"r","540":"\\","541":"\"","542":" ","543":":","544":"s","545":"i","546":"z","547":"e","548":"=","549":"\\","550":"\"","551":"s","552":"i","553":"z","554":"e","555":"\\","556":"\"","557":" ","558":"/","559":">","560":"\\","561":"n","562":"\\","563":"n","564":" ","565":" ","566":" ","567":" ","568":"<","569":"h","570":"3","571":">","572":"{","573":"{","574":" ","575":"t","576":"e","577":"x","578":"t","579":" ","580":"}","581":"}","582":"<","583":"/","584":"h","585":"3","586":">","587":"\\","588":"n","589":" ","590":" ","591":"<","592":"/","593":"d","594":"i","595":"v","596":">","597":"\\","598":"n","599":"<","600":"/","601":"t","602":"e","603":"m","604":"p","605":"l","606":"a","607":"t","608":"e","609":">","610":"\\","611":"n","612":"\\","613":"n","614":"<","615":"s","616":"c","617":"r","618":"i","619":"p","620":"t","621":" ","622":"s","623":"e","624":"t","625":"u","626":"p","627":" ","628":"l","629":"a","630":"n","631":"g","632":"=","633":"\\","634":"\"","635":"t","636":"s","637":"\\","638":"\"","639":">","640":"\\","641":"n","642":"c","643":"o","644":"n","645":"s","646":"t","647":" ","648":"p","649":"r","650":"o","651":"p","652":"s","653":" ","654":"=","655":" ","656":"d","657":"e","658":"f","659":"i","660":"n","661":"e","662":"P","663":"r","664":"o","665":"p","666":"s","667":"(","668":"{","669":"\\","670":"n","671":" ","672":" ","673":"c","674":"o","675":"l","676":"o","677":"r","678":":","679":" ","680":"S","681":"t","682":"r","683":"i","684":"n","685":"g","686":",","687":"\\","688":"n","689":" ","690":" ","691":"s","692":"i","693":"z","694":"e","695":":","696":" ","697":"S","698":"t","699":"r","700":"i","701":"n","702":"g","703":",","704":"\\","705":"n","706":" ","707":" ","708":"l","709":"o","710":"a","711":"d","712":"i","713":"n","714":"g","715":":","716":" ","717":"B","718":"o","719":"o","720":"l","721":"e","722":"a","723":"n","724":",","725":"\\","726":"n","727":" ","728":" ","729":"t","730":"e","731":"x","732":"t","733":":","734":" ","735":"S","736":"t","737":"r","738":"i","739":"n","740":"g","741":",","742":"\\","743":"n","744":"}","745":")","746":";","747":"\\","748":"n","749":"<","750":"/","751":"s","752":"c","753":"r","754":"i","755":"p","756":"t","757":">","758":"\\","759":"n","760":"\\","761":"n","762":"<","763":"s","764":"t","765":"y","766":"l","767":"e","768":" ","769":"l","770":"a","771":"n","772":"g","773":"=","774":"\\","775":"\"","776":"s","777":"c","778":"s","779":"s","780":"\\","781":"\"","782":" ","783":"s","784":"c","785":"o","786":"p","787":"e","788":"d","789":">","790":"\\","791":"n","792":".","793":"Q","794":"c","795":"L","796":"o","797":"a","798":"d","799":"i","800":"n","801":"g","802":" ","803":"{","804":"\\","805":"n","806":" ","807":" ","808":"&","809":"_","810":"_","811":"w","812":"r","813":"a","814":"p","815":"p","816":"e","817":"r","818":" ","819":"{","820":"\\","821":"n","822":" ","823":" ","824":" ","825":" ","826":"m","827":"i","828":"n","829":"-","830":"h","831":"e","832":"i","833":"g","834":"h","835":"t","836":":","837":" ","838":"1","839":"0","840":"0","841":"v","842":"h","843":";","844":"\\","845":"n","846":" ","847":" ","848":" ","849":" ","850":"d","851":"i","852":"s","853":"p","854":"l","855":"a","856":"y","857":":","858":" ","859":"f","860":"l","861":"e","862":"x","863":";","864":"\\","865":"n","866":" ","867":" ","868":" ","869":" ","870":"a","871":"l","872":"i","873":"g","874":"n","875":"-","876":"i","877":"t","878":"e","879":"m","880":"s","881":":","882":" ","883":"c","884":"e","885":"n","886":"t","887":"e","888":"r","889":";","890":"\\","891":"n","892":" ","893":" ","894":" ","895":" ","896":"j","897":"u","898":"s","899":"t","900":"i","901":"f","902":"y","903":"-","904":"c","905":"o","906":"n","907":"t","908":"e","909":"n","910":"t","911":":","912":" ","913":"c","914":"e","915":"n","916":"t","917":"e","918":"r","919":";","920":"\\","921":"n","922":" ","923":" ","924":" ","925":" ","926":"f","927":"l","928":"e","929":"x","930":"-","931":"d","932":"i","933":"r","934":"e","935":"c","936":"t","937":"i","938":"o","939":"n","940":":","941":" ","942":"c","943":"o","944":"l","945":"u","946":"m","947":"n","948":";","949":"\\","950":"n","951":" ","952":" ","953":"}","954":"\\","955":"n","956":"}","957":"\\","958":"n","959":"<","960":"/","961":"s","962":"t","963":"y","964":"l","965":"e","966":">","967":"\\","968":"n","969":"\"","970":"]","971":"}"},"_coverageSchema":"1a1c01bbd47fc00a2c39e90264f33305004495a9","hash":"edf0d8eda48fce90370db6672b0be0485484d465"}
,"/Users/denisibanezrodriguesvieira/Documents/Projetos/master/components/purevite/design-system-ui/src/components/snackbar/QcSnackbar.vue": {"path":"/Users/denisibanezrodriguesvieira/Documents/Projetos/master/components/purevite/design-system-ui/src/components/snackbar/QcSnackbar.vue","statementMap":{"0":{"start":{"line":3,"column":0},"end":{"line":5,"column":3}},"1":{"start":{"line":6,"column":12},"end":{"line":6,"column":26}},"2":{"start":{"line":7,"column":15},"end":{"line":7,"column":32}},"3":{"start":{"line":8,"column":12},"end":{"line":8,"column":26}},"4":{"start":{"line":9,"column":0},"end":{"line":65,"column":3}},"5":{"start":{"line":24,"column":17},"end":{"line":24,"column":26}},"6":{"start":{"line":25,"column":4},"end":{"line":25,"column":13}},"7":{"start":{"line":26,"column":16},"end":{"line":26,"column":23}},"8":{"start":{"line":27,"column":13},"end":{"line":27,"column":38}},"9":{"start":{"line":29,"column":6},"end":{"line":43,"column":9}},"10":{"start":{"line":45,"column":4},"end":{"line":49,"column":7}},"11":{"start":{"line":46,"column":6},"end":{"line":48,"column":7}},"12":{"start":{"line":47,"column":8},"end":{"line":47,"column":21}},"13":{"start":{"line":50,"column":23},"end":{"line":58,"column":5}},"14":{"start":{"line":55,"column":8},"end":{"line":55,"column":34}},"15":{"start":{"line":59,"column":4},"end":{"line":62,"column":7}},"16":{"start":{"line":63,"column":4},"end":{"line":63,"column":24}}},"fnMap":{"0":{"name":"setup","decl":{"start":{"line":23,"column":2},"end":{"line":23,"column":7}},"loc":{"start":{"line":23,"column":21},"end":{"line":64,"column":3}},"line":23},"1":{"name":"showNotifs","decl":{"start":{"line":28,"column":13},"end":{"line":28,"column":23}},"loc":{"start":{"line":28,"column":26},"end":{"line":44,"column":5}},"line":28},"2":{"name":"handler","decl":{"start":{"line":41,"column":10},"end":{"line":41,"column":17}},"loc":{"start":{"line":41,"column":20},"end":{"line":41,"column":22}},"line":41},"3":{"name":"(anonymous_3)","decl":{"start":{"line":45,"column":27},"end":{"line":45,"column":28}},"loc":{"start":{"line":45,"column":39},"end":{"line":49,"column":5}},"line":45},"4":{"name":"(anonymous_4)","decl":{"start":{"line":54,"column":6},"end":{"line":54,"column":7}},"loc":{"start":{"line":54,"column":22},"end":{"line":56,"column":7}},"line":54}},"branchMap":{"0":{"loc":{"start":{"line":46,"column":6},"end":{"line":48,"column":7}},"type":"if","locations":[{"start":{"line":46,"column":6},"end":{"line":48,"column":7}},{"start":{},"end":{}}],"line":46}},"s":{"0":1,"1":1,"2":1,"3":1,"4":1,"5":1,"6":1,"7":1,"8":1,"9":0,"10":1,"11":1,"12":0,"13":1,"14":0,"15":1,"16":1},"f":{"0":1,"1":0,"2":0,"3":1,"4":0},"b":{"0":[0,1]},"inputSourceMap":{"0":"{","1":"\"","2":"v","3":"e","4":"r","5":"s","6":"i","7":"o","8":"n","9":"\"","10":":","11":"3","12":",","13":"\"","14":"s","15":"o","16":"u","17":"r","18":"c","19":"e","20":"s","21":"\"","22":":","23":"[","24":"\"","25":"/","26":"U","27":"s","28":"e","29":"r","30":"s","31":"/","32":"d","33":"e","34":"n","35":"i","36":"s","37":"i","38":"b","39":"a","40":"n","41":"e","42":"z","43":"r","44":"o","45":"d","46":"r","47":"i","48":"g","49":"u","50":"e","51":"s","52":"v","53":"i","54":"e","55":"i","56":"r","57":"a","58":"/","59":"D","60":"o","61":"c","62":"u","63":"m","64":"e","65":"n","66":"t","67":"s","68":"/","69":"P","70":"r","71":"o","72":"j","73":"e","74":"t","75":"o","76":"s","77":"/","78":"m","79":"a","80":"s","81":"t","82":"e","83":"r","84":"/","85":"c","86":"o","87":"m","88":"p","89":"o","90":"n","91":"e","92":"n","93":"t","94":"s","95":"/","96":"p","97":"u","98":"r","99":"e","100":"v","101":"i","102":"t","103":"e","104":"/","105":"d","106":"e","107":"s","108":"i","109":"g","110":"n","111":"-","112":"s","113":"y","114":"s","115":"t","116":"e","117":"m","118":"-","119":"u","120":"i","121":"/","122":"s","123":"r","124":"c","125":"/","126":"c","127":"o","128":"m","129":"p","130":"o","131":"n","132":"e","133":"n","134":"t","135":"s","136":"/","137":"s","138":"n","139":"a","140":"c","141":"k","142":"b","143":"a","144":"r","145":"/","146":"Q","147":"c","148":"S","149":"n","150":"a","151":"c","152":"k","153":"b","154":"a","155":"r","156":".","157":"v","158":"u","159":"e","160":"\"","161":"]","162":",","163":"\"","164":"n","165":"a","166":"m","167":"e","168":"s","169":"\"","170":":","171":"[","172":"]","173":",","174":"\"","175":"m","176":"a","177":"p","178":"p","179":"i","180":"n","181":"g","182":"s","183":"\"","184":":","185":"\"","186":";","187":";","188":"A","189":"A","190":"C","191":"A","192":",","193":"M","194":"A","195":"A","196":"M","197":",","198":"C","199":"A","200":"A","201":"C","202":",","203":"c","204":"A","205":"A","206":"c","207":",","208":"C","209":"A","210":"A","211":"C","212":",","213":"O","214":"A","215":"A","216":"O","217":",","218":"E","219":"A","220":"A","221":"E","222":",","223":"Y","224":"A","225":"A","226":"Y","227":",","228":"E","229":"A","230":"A","231":"E","232":";","233":"E","234":"A","235":"A","236":"E","237":",","238":"K","239":"A","240":"A","241":"K","242":",","243":"E","244":"A","245":"A","246":"E","247":";","248":"A","249":"A","250":"A","251":"K","252":",","253":"C","254":"A","255":"A","256":"C","257":",","258":"C","259":"A","260":"A","261":"C","262":";","263":"A","264":"A","265":"C","266":"7","267":"D","268":",","269":"I","270":"A","271":"A","272":"I","273":",","274":"K","275":"A","276":"A","277":"K","278":",","279":"G","280":"A","281":"A","282":"G","283":",","284":"O","285":"A","286":"A","287":"O","288":",","289":"C","290":"A","291":"A","292":"C","293":",","294":"K","295":"A","296":"A","297":"K","298":",","299":"C","300":"A","301":"A","302":"C","303":";","304":"A","305":"A","306":"C","307":"1","308":"B","309":",","310":"I","311":"A","312":"A","313":"I","314":",","315":"Q","316":"A","317":"A","318":"Q","319":",","320":"G","321":"A","322":"A","323":"G","324":",","325":"O","326":"A","327":"A","328":"O","329":",","330":"C","331":"A","332":"A","333":"C","334":",","335":"Q","336":"A","337":"A","338":"Q","339":",","340":"C","341":"A","342":"A","343":"C","344":";","345":";","346":";","347":";","348":";","349":";","350":";","351":";","352":";","353":";","354":";","355":";","356":";","357":";","358":";","359":";","360":";","361":";","362":";","363":";","364":"I","365":"A","366":"H","367":"x","368":"B","369":",","370":"I","371":"A","372":"A","373":"I","374":",","375":"E","376":"A","377":"A","378":"E","379":",","380":"G","381":"A","382":"A","383":"G","384":",","385":"C","386":"A","387":"A","388":"C","389":",","390":"C","391":"A","392":"A","393":"C","394":",","395":"E","396":"A","397":"A","398":"E","399":",","400":"Q","401":"A","402":"A","403":"Q","404":",","405":"C","406":"A","407":"A","408":"C","409":",","410":"S","411":"A","412":"A","413":"S","414":",","415":"G","416":"A","417":"A","418":"G","419":";","420":"I","421":"A","422":"W","423":"l","424":"C","425":",","426":"S","427":"A","428":"A","429":"S","430":",","431":"U","432":"A","433":"A","434":"U","435":",","436":"G","437":"A","438":"A","439":"G","440":";","441":"M","442":"A","443":"C","444":"l","445":"B","446":",","447":"E","448":"A","449":"A","450":"E","451":",","452":"C","453":"A","454":"A","455":"C","456":",","457":"M","458":"A","459":"A","460":"M","461":",","462":"C","463":"A","464":"A","465":"C","466":";","467":"Q","468":"A","469":"C","470":"N","471":",","472":"Q","473":"A","474":"A","475":"Q","476":",","477":"E","478":"A","479":"A","480":"E","481":",","482":"I","483":"A","484":"A","485":"I","486":";","487":"Q","488":"A","489":"C","490":"d","491":",","492":"O","493":"A","494":"A","495":"O","496":",","497":"E","498":"A","499":"A","500":"E","501":",","502":"K","503":"A","504":"A","505":"K","506":",","507":"C","508":"A","509":"A","510":"C","511":",","512":"I","513":"A","514":"A","515":"I","516":";","517":"Q","518":"A","519":"C","520":"n","521":"B","522":",","523":"K","524":"A","525":"A","526":"K","527":",","528":"E","529":"A","530":"A","531":"E","532":",","533":"K","534":"A","535":"A","536":"K","537":",","538":"C","539":"A","540":"A","541":"C","542":",","543":"O","544":"A","545":"A","546":"O","547":";","548":"Q","549":"A","550":"C","551":"p","552":"B","553":",","554":"S","555":"A","556":"A","557":"S","558":",","559":"E","560":"A","561":"A","562":"E","563":",","564":"K","565":"A","566":"A","567":"K","568":";","569":"Q","570":"A","571":"C","572":"h","573":"B","574":",","575":"S","576":"A","577":"A","578":"S","579":",","580":"E","581":"A","582":"A","583":"E","584":",","585":"K","586":"A","587":"A","588":"K","589":",","590":"C","591":"A","592":"A","593":"C","594":",","595":"S","596":"A","597":"A","598":"S","599":";","600":"Q","601":"A","602":"C","603":"1","604":"B","605":",","606":"I","607":"A","608":"A","609":"I","610":",","611":"E","612":"A","613":"A","614":"E","615":",","616":"K","617":"A","618":"A","619":"K","620":",","621":"C","622":"A","623":"A","624":"C","625":",","626":"I","627":"A","628":"A","629":"I","630":";","631":"Q","632":"A","633":"C","634":"h","635":"B","636":",","637":"O","638":"A","639":"A","640":"O","641":",","642":"E","643":"A","644":"A","645":"E","646":",","647":"C","648":"A","649":"C","650":"L","651":";","652":"U","653":"A","654":"A","655":"E","656":",","657":"K","658":"A","659":"A","660":"K","661":",","662":"E","663":"A","664":"A","665":"E","666":",","667":"Q","668":"A","669":"A","670":"Q","671":";","672":"U","673":"A","674":"A","675":"E","676":",","677":"K","678":"A","679":"A","680":"K","681":",","682":"E","683":"A","684":"A","685":"E","686":",","687":"K","688":"A","689":"A","690":"K","691":",","692":"C","693":"A","694":"A","695":"C","696":",","697":"g","698":"B","699":"A","700":"A","701":"g","702":"B","703":";","704":"U","705":"A","706":"A","707":"E","708":",","709":"O","710":"A","711":"A","712":"O","713":",","714":"E","715":"A","716":"A","717":"E","718":";","719":"U","720":"A","721":"A","722":"A","723":";","724":"U","725":"A","726":"A","727":"A","728":",","729":"U","730":"A","731":"A","732":"Y","733":",","734":"C","735":"A","736":"A","737":"E","738":";","739":"Q","740":"A","741":"A","742":"E","743":",","744":"C","745":"A","746":"A","747":"C","748":";","749":"M","750":"A","751":"E","752":"p","753":"F","754":",","755":"C","756":"A","757":"A","758":"C","759":",","760":"C","761":"A","762":"A","763":"C","764":";","765":"I","766":"A","767":"C","768":"N","769":";","770":"I","771":"A","772":"C","773":"A","774":",","775":"C","776":"A","777":"A","778":"C","779":",","780":"C","781":"A","782":"A","783":"C","784":",","785":"E","786":"A","787":"A","788":"E","789":",","790":"K","791":"A","792":"A","793":"K","794":",","795":"C","796":"A","797":"A","798":"C","799":",","800":"W","801":"A","802":"A","803":"W","804":",","805":"E","806":"A","807":"A","808":"E","809":",","810":"Y","811":"A","812":"A","813":"Y","814":";","815":"M","816":"A","817":"C","818":"/","819":"B","820":",","821":"I","822":"A","823":"A","824":"I","825":",","826":"K","827":"A","828":"A","829":"K","830":",","831":"C","832":"A","833":"A","834":"C","835":",","836":"K","837":"A","838":"A","839":"K","840":",","841":"E","842":"A","843":"A","844":"E","845":";","846":"Q","847":"A","848":"C","849":"b","850":",","851":"U","852":"A","853":"A","854":"U","855":",","856":"E","857":"A","858":"A","859":"E","860":";","861":"M","862":"A","863":"C","864":"h","865":"B","866":";","867":"I","868":"A","869":"C","870":"J","871":",","872":"C","873":"A","874":"A","875":"C","876":",","877":"C","878":"A","879":"A","880":"C","881":";","882":"I","883":"A","884":"C","885":"F","886":",","887":"I","888":"A","889":"A","890":"I","891":",","892":"Y","893":"A","894":"A","895":"Y","896":",","897":"G","898":"A","899":"A","900":"G","901":";","902":"M","903":"A","904":"A","905":"E","906":",","907":"K","908":"A","909":"A","910":"K","911":",","912":"E","913":"A","914":"A","915":"E","916":",","917":"K","918":"A","919":"A","920":"K","921":";","922":"M","923":"A","924":"A","925":"E","926":",","927":"E","928":"A","929":"A","930":"E","931":",","932":"E","933":"A","934":"A","935":"E","936":",","937":"E","938":"A","939":"A","940":"E","941":";","942":"M","943":"A","944":"A","945":"E","946":",","947":"U","948":"A","949":"A","950":"U","951":",","952":"E","953":"A","954":"A","955":"E","956":",","957":"U","958":"A","959":"A","960":"U","961":";","962":"M","963":"A","964":"A","965":"E","966":",","967":"I","968":"A","969":"A","970":"I","971":",","972":"S","973":"A","974":"A","975":"S","976":",","977":"G","978":"A","979":"A","980":"G","981":";","982":"Q","983":"A","984":"A","985":"E","986":",","987":"O","988":"A","989":"A","990":"O","991":",","992":"Q","993":"A","994":"A","995":"Q","996":",","997":"C","998":"A","999":"A","1000":"C","1001":",","1002":"S","1003":"A","1004":"A","1005":"S","1006":";","1007":"M","1008":"A","1009":"A","1010":"E","1011":",","1012":"C","1013":"A","1014":"A","1015":"C","1016":";","1017":"M","1018":"A","1019":"A","1020":"E","1021":",","1022":"W","1023":"A","1024":"A","1025":"W","1026":",","1027":"E","1028":"A","1029":"A","1030":"E","1031":",","1032":"K","1033":"A","1034":"A","1035":"K","1036":",","1037":"C","1038":"A","1039":"A","1040":"C","1041":";","1042":"I","1043":"A","1044":"A","1045":"Y","1046":",","1047":"C","1048":"A","1049":"A","1050":"C","1051":";","1052":"I","1053":"A","1054":"C","1055":"n","1056":"J","1057":",","1058":"M","1059":"A","1060":"A","1061":"M","1062":",","1063":"C","1064":"A","1065":"A","1066":"C","1067":",","1068":"c","1069":"A","1070":"A","1071":"c","1072":",","1073":"C","1074":"A","1075":"A","1076":"C","1077":",","1078":"Y","1079":"A","1080":"A","1081":"Y","1082":",","1083":"E","1084":"A","1085":"A","1086":"E","1087":",","1088":"i","1089":"B","1090":"A","1091":"A","1092":"i","1093":"B","1094":",","1095":"E","1096":"A","1097":"A","1098":"E","1099":";","1100":"M","1101":"A","1102":"A","1103":"E","1104":",","1105":"U","1106":"A","1107":"A","1108":"U","1109":",","1110":"E","1111":"A","1112":"A","1113":"E","1114":",","1115":"K","1116":"A","1117":"A","1118":"K","1119":";","1120":"M","1121":"A","1122":"A","1123":"E","1124":",","1125":"K","1126":"A","1127":"A","1128":"K","1129":",","1130":"E","1131":"A","1132":"A","1133":"E","1134":";","1135":"I","1136":"A","1137":"A","1138":"K","1139":",","1140":"C","1141":"A","1142":"A","1143":"C","1144":",","1145":"C","1146":"A","1147":"A","1148":"C","1149":";","1150":"I","1151":"A","1152":"C","1153":"1","1154":"F","1155":",","1156":"O","1157":"A","1158":"A","1159":"O","1160":",","1161":"Y","1162":"A","1163":"A","1164":"Y","1165":";","1166":"E","1167":"A","1168":"C","1169":"v","1170":"B","1171":";","1172":"A","1173":"A","1174":"C","1175":"J","1176":",","1177":"C","1178":"A","1179":"A","1180":"C","1181":",","1182":"C","1183":"A","1184":"A","1185":"C","1186":"\"","1187":",","1188":"\"","1189":"f","1190":"i","1191":"l","1192":"e","1193":"\"","1194":":","1195":"\"","1196":"/","1197":"U","1198":"s","1199":"e","1200":"r","1201":"s","1202":"/","1203":"d","1204":"e","1205":"n","1206":"i","1207":"s","1208":"i","1209":"b","1210":"a","1211":"n","1212":"e","1213":"z","1214":"r","1215":"o","1216":"d","1217":"r","1218":"i","1219":"g","1220":"u","1221":"e","1222":"s","1223":"v","1224":"i","1225":"e","1226":"i","1227":"r","1228":"a","1229":"/","1230":"D","1231":"o","1232":"c","1233":"u","1234":"m","1235":"e","1236":"n","1237":"t","1238":"s","1239":"/","1240":"P","1241":"r","1242":"o","1243":"j","1244":"e","1245":"t","1246":"o","1247":"s","1248":"/","1249":"m","1250":"a","1251":"s","1252":"t","1253":"e","1254":"r","1255":"/","1256":"c","1257":"o","1258":"m","1259":"p","1260":"o","1261":"n","1262":"e","1263":"n","1264":"t","1265":"s","1266":"/","1267":"p","1268":"u","1269":"r","1270":"e","1271":"v","1272":"i","1273":"t","1274":"e","1275":"/","1276":"d","1277":"e","1278":"s","1279":"i","1280":"g","1281":"n","1282":"-","1283":"s","1284":"y","1285":"s","1286":"t","1287":"e","1288":"m","1289":"-","1290":"u","1291":"i","1292":"/","1293":"s","1294":"r","1295":"c","1296":"/","1297":"c","1298":"o","1299":"m","1300":"p","1301":"o","1302":"n","1303":"e","1304":"n","1305":"t","1306":"s","1307":"/","1308":"s","1309":"n","1310":"a","1311":"c","1312":"k","1313":"b","1314":"a","1315":"r","1316":"/","1317":"Q","1318":"c","1319":"S","1320":"n","1321":"a","1322":"c","1323":"k","1324":"b","1325":"a","1326":"r","1327":".","1328":"v","1329":"u","1330":"e","1331":"\"","1332":",","1333":"\"","1334":"s","1335":"o","1336":"u","1337":"r","1338":"c","1339":"e","1340":"s","1341":"C","1342":"o","1343":"n","1344":"t","1345":"e","1346":"n","1347":"t","1348":"\"","1349":":","1350":"[","1351":"\"","1352":"<","1353":"s","1354":"c","1355":"r","1356":"i","1357":"p","1358":"t","1359":" ","1360":"s","1361":"e","1362":"t","1363":"u","1364":"p","1365":" ","1366":"l","1367":"a","1368":"n","1369":"g","1370":"=","1371":"\\","1372":"\"","1373":"t","1374":"s","1375":"\\","1376":"\"","1377":">","1378":"\\","1379":"n","1380":"i","1381":"m","1382":"p","1383":"o","1384":"r","1385":"t","1386":" ","1387":"{","1388":" ","1389":"u","1390":"s","1391":"e","1392":"Q","1393":"u","1394":"a","1395":"s","1396":"a","1397":"r","1398":" ","1399":"}","1400":" ","1401":"f","1402":"r","1403":"o","1404":"m","1405":" ","1406":"'","1407":"q","1408":"u","1409":"a","1410":"s","1411":"a","1412":"r","1413":"'","1414":";","1415":"\\","1416":"n","1417":"i","1418":"m","1419":"p","1420":"o","1421":"r","1422":"t","1423":" ","1424":"{","1425":" ","1426":"w","1427":"a","1428":"t","1429":"c","1430":"h","1431":"E","1432":"f","1433":"f","1434":"e","1435":"c","1436":"t","1437":" ","1438":"}","1439":" ","1440":"f","1441":"r","1442":"o","1443":"m","1444":" ","1445":"'","1446":"v","1447":"u","1448":"e","1449":"'","1450":";","1451":"\\","1452":"n","1453":"\\","1454":"n","1455":"c","1456":"o","1457":"n","1458":"s","1459":"t","1460":" ","1461":"p","1462":"r","1463":"o","1464":"p","1465":"s","1466":" ","1467":"=","1468":" ","1469":"d","1470":"e","1471":"f","1472":"i","1473":"n","1474":"e","1475":"P","1476":"r","1477":"o","1478":"p","1479":"s","1480":"(","1481":"{","1482":"\\","1483":"n","1484":" ","1485":" ","1486":"m","1487":"o","1488":"d","1489":"e","1490":"l","1491":":","1492":" ","1493":"B","1494":"o","1495":"o","1496":"l","1497":"e","1498":"a","1499":"n","1500":",","1501":"\\","1502":"n","1503":" ","1504":" ","1505":"b","1506":"g","1507":"C","1508":"o","1509":"l","1510":"o","1511":"r","1512":":","1513":" ","1514":"S","1515":"t","1516":"r","1517":"i","1518":"n","1519":"g","1520":",","1521":"\\","1522":"n","1523":" ","1524":" ","1525":"t","1526":"e","1527":"x","1528":"t","1529":":","1530":" ","1531":"S","1532":"t","1533":"r","1534":"i","1535":"n","1536":"g","1537":",","1538":"\\","1539":"n","1540":" ","1541":" ","1542":"i","1543":"c","1544":"o","1545":"n","1546":":","1547":" ","1548":"S","1549":"t","1550":"r","1551":"i","1552":"n","1553":"g","1554":",","1555":"\\","1556":"n","1557":" ","1558":" ","1559":"a","1560":"c","1561":"t","1562":"i","1563":"o","1564":"n","1565":"L","1566":"a","1567":"b","1568":"e","1569":"l","1570":"C","1571":"o","1572":"l","1573":"o","1574":"r","1575":":","1576":" ","1577":"S","1578":"t","1579":"r","1580":"i","1581":"n","1582":"g","1583":",","1584":"\\","1585":"n","1586":" ","1587":" ","1588":"t","1589":"e","1590":"x","1591":"t","1592":"C","1593":"o","1594":"l","1595":"o","1596":"r","1597":":","1598":" ","1599":"S","1600":"t","1601":"r","1602":"i","1603":"n","1604":"g","1605":",","1606":"\\","1607":"n","1608":"}","1609":")","1610":";","1611":"\\","1612":"n","1613":"\\","1614":"n","1615":"c","1616":"o","1617":"n","1618":"s","1619":"t","1620":" ","1621":"$","1622":"q","1623":" ","1624":"=","1625":" ","1626":"u","1627":"s","1628":"e","1629":"Q","1630":"u","1631":"a","1632":"s","1633":"a","1634":"r","1635":"(","1636":")","1637":";","1638":"\\","1639":"n","1640":"\\","1641":"n","1642":"f","1643":"u","1644":"n","1645":"c","1646":"t","1647":"i","1648":"o","1649":"n","1650":" ","1651":"s","1652":"h","1653":"o","1654":"w","1655":"N","1656":"o","1657":"t","1658":"i","1659":"f","1660":"s","1661":"(","1662":")","1663":" ","1664":"{","1665":"\\","1666":"n","1667":" ","1668":" ","1669":"$","1670":"q","1671":".","1672":"n","1673":"o","1674":"t","1675":"i","1676":"f","1677":"y","1678":"(","1679":"{","1680":"\\","1681":"n","1682":" ","1683":" ","1684":" ","1685":" ","1686":"p","1687":"r","1688":"o","1689":"g","1690":"r","1691":"e","1692":"s","1693":"s","1694":":","1695":" ","1696":"t","1697":"r","1698":"u","1699":"e","1700":",","1701":"\\","1702":"n","1703":" ","1704":" ","1705":" ","1706":" ","1707":"m","1708":"e","1709":"s","1710":"s","1711":"a","1712":"g","1713":"e","1714":":","1715":" ","1716":"p","1717":"r","1718":"o","1719":"p","1720":"s","1721":".","1722":"t","1723":"e","1724":"x","1725":"t","1726":",","1727":"\\","1728":"n","1729":" ","1730":" ","1731":" ","1732":" ","1733":"c","1734":"o","1735":"l","1736":"o","1737":"r","1738":":","1739":" ","1740":"p","1741":"r","1742":"o","1743":"p","1744":"s","1745":".","1746":"b","1747":"g","1748":"C","1749":"o","1750":"l","1751":"o","1752":"r","1753":",","1754":"\\","1755":"n","1756":" ","1757":" ","1758":" ","1759":" ","1760":"m","1761":"u","1762":"l","1763":"t","1764":"i","1765":"L","1766":"i","1767":"n","1768":"e","1769":":","1770":" ","1771":"f","1772":"a","1773":"l","1774":"s","1775":"e","1776":",","1777":"\\","1778":"n","1779":" ","1780":" ","1781":" ","1782":" ","1783":"t","1784":"e","1785":"x","1786":"t","1787":"C","1788":"o","1789":"l","1790":"o","1791":"r","1792":":","1793":" ","1794":"p","1795":"r","1796":"o","1797":"p","1798":"s","1799":".","1800":"t","1801":"e","1802":"x","1803":"t","1804":"C","1805":"o","1806":"l","1807":"o","1808":"r","1809":",","1810":"\\","1811":"n","1812":" ","1813":" ","1814":" ","1815":" ","1816":"i","1817":"c","1818":"o","1819":"n","1820":":","1821":" ","1822":"p","1823":"r","1824":"o","1825":"p","1826":"s","1827":".","1828":"i","1829":"c","1830":"o","1831":"n","1832":",","1833":"\\","1834":"n","1835":" ","1836":" ","1837":" ","1838":" ","1839":"a","1840":"c","1841":"t","1842":"i","1843":"o","1844":"n","1845":"s","1846":":","1847":" ","1848":"[","1849":"\\","1850":"n","1851":" ","1852":" ","1853":" ","1854":" ","1855":" ","1856":" ","1857":"{","1858":" ","1859":"l","1860":"a","1861":"b","1862":"e","1863":"l","1864":":","1865":" ","1866":"'","1867":"F","1868":"e","1869":"c","1870":"h","1871":"a","1872":"r","1873":"'","1874":",","1875":" ","1876":"c","1877":"o","1878":"l","1879":"o","1880":"r","1881":":","1882":" ","1883":"p","1884":"r","1885":"o","1886":"p","1887":"s","1888":".","1889":"a","1890":"c","1891":"t","1892":"i","1893":"o","1894":"n","1895":"L","1896":"a","1897":"b","1898":"e","1899":"l","1900":"C","1901":"o","1902":"l","1903":"o","1904":"r","1905":",","1906":" ","1907":"h","1908":"a","1909":"n","1910":"d","1911":"l","1912":"e","1913":"r","1914":":","1915":" ","1916":"(","1917":")","1918":" ","1919":"=","1920":">","1921":" ","1922":"{","1923":"}","1924":" ","1925":"}","1926":",","1927":"\\","1928":"n","1929":" ","1930":" ","1931":" ","1932":" ","1933":"]","1934":",","1935":"\\","1936":"n","1937":" ","1938":" ","1939":"}","1940":")","1941":";","1942":"\\","1943":"n","1944":"}","1945":"\\","1946":"n","1947":"\\","1948":"n","1949":"w","1950":"a","1951":"t","1952":"c","1953":"h","1954":"E","1955":"f","1956":"f","1957":"e","1958":"c","1959":"t","1960":"(","1961":"(","1962":")","1963":" ","1964":"=","1965":">","1966":" ","1967":"{","1968":"\\","1969":"n","1970":" ","1971":" ","1972":"i","1973":"f","1974":" ","1975":"(","1976":"p","1977":"r","1978":"o","1979":"p","1980":"s","1981":".","1982":"m","1983":"o","1984":"d","1985":"e","1986":"l","1987":")","1988":" ","1989":"{","1990":"\\","1991":"n","1992":" ","1993":" ","1994":" ","1995":" ","1996":"s","1997":"h","1998":"o","1999":"w","2000":"N","2001":"o","2002":"t","2003":"i","2004":"f","2005":"s","2006":"(","2007":")","2008":";","2009":"\\","2010":"n","2011":" ","2012":" ","2013":"}","2014":"\\","2015":"n","2016":"}","2017":")","2018":";","2019":"\\","2020":"n","2021":"<","2022":"/","2023":"s","2024":"c","2025":"r","2026":"i","2027":"p","2028":"t","2029":">","2030":"\\","2031":"n","2032":"\"","2033":"]","2034":"}"},"_coverageSchema":"1a1c01bbd47fc00a2c39e90264f33305004495a9","hash":"b14ada1e6e9d9a20ab49cda1114d07cccb8174c3"}
}
