{"/Users/denisibanezrodriguesvieira/Documents/Projetos/master/components/purevite/design-system-ui/src/components/buttons/BcButton.vue": {"path":"/Users/denisibanezrodriguesvieira/Documents/Projetos/master/components/purevite/design-system-ui/src/components/buttons/BcButton.vue","statementMap":{"0":{"start":{"line":3,"column":0},"end":{"line":5,"column":3}},"1":{"start":{"line":6,"column":12},"end":{"line":6,"column":26}},"2":{"start":{"line":7,"column":0},"end":{"line":35,"column":3}},"3":{"start":{"line":23,"column":17},"end":{"line":23,"column":26}},"4":{"start":{"line":24,"column":4},"end":{"line":24,"column":13}},"5":{"start":{"line":25,"column":16},"end":{"line":25,"column":23}},"6":{"start":{"line":26,"column":23},"end":{"line":28,"column":5}},"7":{"start":{"line":29,"column":4},"end":{"line":32,"column":7}},"8":{"start":{"line":33,"column":4},"end":{"line":33,"column":24}},"9":{"start":{"line":37,"column":0},"end":{"line":37,"column":62}},"10":{"start":{"line":38,"column":0},"end":{"line":38,"column":24}},"11":{"start":{"line":39,"column":12},"end":{"line":39,"column":26}},"12":{"start":{"line":40,"column":17},"end":{"line":40,"column":47}},"13":{"start":{"line":42,"column":40},"end":{"line":42,"column":89}},"14":{"start":{"line":43,"column":27},"end":{"line":43,"column":63}},"15":{"start":{"line":44,"column":4},"end":{"line":59,"column":8}},"16":{"start":{"line":54,"column":54},"end":{"line":56,"column":14}},"17":{"start":{"line":61,"column":0},"end":{"line":61,"column":24}},"18":{"start":{"line":62,"column":1},"end":{"line":62,"column":48}}},"fnMap":{"0":{"name":"setup","decl":{"start":{"line":22,"column":2},"end":{"line":22,"column":7}},"loc":{"start":{"line":22,"column":21},"end":{"line":34,"column":3}},"line":22},"1":{"name":"render","decl":{"start":{"line":41,"column":9},"end":{"line":41,"column":15}},"loc":{"start":{"line":41,"column":63},"end":{"line":60,"column":1}},"line":41},"2":{"name":"(anonymous_2)","decl":{"start":{"line":54,"column":40},"end":{"line":54,"column":41}},"loc":{"start":{"line":54,"column":52},"end":{"line":56,"column":16}},"line":54}},"branchMap":{},"s":{"0":1,"1":1,"2":1,"3":1,"4":1,"5":1,"6":1,"7":1,"8":1,"9":1,"10":1,"11":1,"12":1,"13":1,"14":1,"15":1,"16":0,"17":1,"18":1},"f":{"0":1,"1":1,"2":0},"b":{},"inputSourceMap":{"0":"{","1":"\"","2":"v","3":"e","4":"r","5":"s","6":"i","7":"o","8":"n","9":"\"","10":":","11":"3","12":",","13":"\"","14":"s","15":"o","16":"u","17":"r","18":"c","19":"e","20":"s","21":"\"","22":":","23":"[","24":"\"","25":"/","26":"U","27":"s","28":"e","29":"r","30":"s","31":"/","32":"d","33":"e","34":"n","35":"i","36":"s","37":"i","38":"b","39":"a","40":"n","41":"e","42":"z","43":"r","44":"o","45":"d","46":"r","47":"i","48":"g","49":"u","50":"e","51":"s","52":"v","53":"i","54":"e","55":"i","56":"r","57":"a","58":"/","59":"D","60":"o","61":"c","62":"u","63":"m","64":"e","65":"n","66":"t","67":"s","68":"/","69":"P","70":"r","71":"o","72":"j","73":"e","74":"t","75":"o","76":"s","77":"/","78":"m","79":"a","80":"s","81":"t","82":"e","83":"r","84":"/","85":"c","86":"o","87":"m","88":"p","89":"o","90":"n","91":"e","92":"n","93":"t","94":"s","95":"/","96":"p","97":"u","98":"r","99":"e","100":"v","101":"i","102":"t","103":"e","104":"/","105":"d","106":"e","107":"s","108":"i","109":"g","110":"n","111":"-","112":"s","113":"y","114":"s","115":"t","116":"e","117":"m","118":"-","119":"u","120":"i","121":"/","122":"s","123":"r","124":"c","125":"/","126":"c","127":"o","128":"m","129":"p","130":"o","131":"n","132":"e","133":"n","134":"t","135":"s","136":"/","137":"b","138":"u","139":"t","140":"t","141":"o","142":"n","143":"s","144":"/","145":"B","146":"c","147":"B","148":"u","149":"t","150":"t","151":"o","152":"n","153":".","154":"v","155":"u","156":"e","157":"\"","158":"]","159":",","160":"\"","161":"n","162":"a","163":"m","164":"e","165":"s","166":"\"","167":":","168":"[","169":"]","170":",","171":"\"","172":"m","173":"a","174":"p","175":"p","176":"i","177":"n","178":"g","179":"s","180":"\"","181":":","182":"\"","183":";","184":";","185":";","186":";","187":";","188":";","189":";","190":";","191":";","192":";","193":";","194":";","195":";","196":";","197":";","198":";","199":";","200":";","201":";","202":";","203":";","204":";","205":";","206":";","207":"I","208":"A","209":"k","210":"B","211":"Q","212":",","213":"I","214":"A","215":"A","216":"I","217":",","218":"K","219":"A","220":"A","221":"K","222":",","223":"G","224":"A","225":"A","226":"G","227":",","228":"O","229":"A","230":"A","231":"O","232":";","233":"I","234":"A","235":"S","236":"n","237":"B","238":",","239":"I","240":"A","241":"A","242":"I","243":",","244":"Y","245":"A","246":"A","247":"Y","248":",","249":"G","250":"A","251":"A","252":"G","253":";","254":"M","255":"A","256":"A","257":"E","258":",","259":"K","260":"A","261":"A","262":"K","263":",","264":"E","265":"A","266":"A","267":"E","268":";","269":"I","270":"A","271":"A","272":"M","273":",","274":"C","275":"A","276":"A","277":"C","278":"\"","279":",","280":"\"","281":"f","282":"i","283":"l","284":"e","285":"\"","286":":","287":"\"","288":"/","289":"U","290":"s","291":"e","292":"r","293":"s","294":"/","295":"d","296":"e","297":"n","298":"i","299":"s","300":"i","301":"b","302":"a","303":"n","304":"e","305":"z","306":"r","307":"o","308":"d","309":"r","310":"i","311":"g","312":"u","313":"e","314":"s","315":"v","316":"i","317":"e","318":"i","319":"r","320":"a","321":"/","322":"D","323":"o","324":"c","325":"u","326":"m","327":"e","328":"n","329":"t","330":"s","331":"/","332":"P","333":"r","334":"o","335":"j","336":"e","337":"t","338":"o","339":"s","340":"/","341":"m","342":"a","343":"s","344":"t","345":"e","346":"r","347":"/","348":"c","349":"o","350":"m","351":"p","352":"o","353":"n","354":"e","355":"n","356":"t","357":"s","358":"/","359":"p","360":"u","361":"r","362":"e","363":"v","364":"i","365":"t","366":"e","367":"/","368":"d","369":"e","370":"s","371":"i","372":"g","373":"n","374":"-","375":"s","376":"y","377":"s","378":"t","379":"e","380":"m","381":"-","382":"u","383":"i","384":"/","385":"s","386":"r","387":"c","388":"/","389":"c","390":"o","391":"m","392":"p","393":"o","394":"n","395":"e","396":"n","397":"t","398":"s","399":"/","400":"b","401":"u","402":"t","403":"t","404":"o","405":"n","406":"s","407":"/","408":"B","409":"c","410":"B","411":"u","412":"t","413":"t","414":"o","415":"n","416":".","417":"v","418":"u","419":"e","420":"\"","421":",","422":"\"","423":"s","424":"o","425":"u","426":"r","427":"c","428":"e","429":"s","430":"C","431":"o","432":"n","433":"t","434":"e","435":"n","436":"t","437":"\"","438":":","439":"[","440":"\"","441":"<","442":"t","443":"e","444":"m","445":"p","446":"l","447":"a","448":"t","449":"e","450":">","451":"\\","452":"n","453":" ","454":" ","455":"<","456":"d","457":"i","458":"v","459":" ","460":"c","461":"l","462":"a","463":"s","464":"s","465":"=","466":"\\","467":"\"","468":"b","469":"c","470":"B","471":"u","472":"t","473":"t","474":"o","475":"n","476":"_","477":"_","478":"w","479":"r","480":"a","481":"p","482":"p","483":"e","484":"r","485":"\\","486":"\"","487":">","488":"\\","489":"n","490":" ","491":" ","492":" ","493":" ","494":"<","495":"q","496":"-","497":"b","498":"t","499":"n","500":"\\","501":"n","502":" ","503":" ","504":" ","505":" ","506":" ","507":" ","508":":","509":"c","510":"o","511":"l","512":"o","513":"r","514":"=","515":"\\","516":"\"","517":"c","518":"o","519":"l","520":"o","521":"r","522":"\\","523":"\"","524":"\\","525":"n","526":" ","527":" ","528":" ","529":" ","530":" ","531":" ","532":":","533":"l","534":"a","535":"b","536":"e","537":"l","538":"=","539":"\\","540":"\"","541":"l","542":"a","543":"b","544":"e","545":"l","546":"\\","547":"\"","548":"\\","549":"n","550":" ","551":" ","552":" ","553":" ","554":" ","555":" ","556":":","557":"i","558":"c","559":"o","560":"n","561":"=","562":"\\","563":"\"","564":"i","565":"c","566":"o","567":"n","568":"\\","569":"\"","570":"\\","571":"n","572":" ","573":" ","574":" ","575":" ","576":" ","577":" ","578":":","579":"o","580":"u","581":"t","582":"l","583":"i","584":"n","585":"e","586":"=","587":"\\","588":"\"","589":"o","590":"u","591":"t","592":"l","593":"i","594":"n","595":"e","596":"\\","597":"\"","598":"\\","599":"n","600":" ","601":" ","602":" ","603":" ","604":" ","605":" ","606":":","607":"r","608":"o","609":"u","610":"n","611":"d","612":"=","613":"\\","614":"\"","615":"r","616":"o","617":"u","618":"n","619":"d","620":"\\","621":"\"","622":"\\","623":"n","624":" ","625":" ","626":" ","627":" ","628":" ","629":" ","630":":","631":"s","632":"i","633":"z","634":"e","635":"=","636":"\\","637":"\"","638":"s","639":"i","640":"z","641":"e","642":"\\","643":"\"","644":"\\","645":"n","646":" ","647":" ","648":" ","649":" ","650":" ","651":" ","652":":","653":"l","654":"o","655":"a","656":"d","657":"i","658":"n","659":"g","660":"=","661":"\\","662":"\"","663":"l","664":"o","665":"a","666":"d","667":"i","668":"n","669":"g","670":"\\","671":"\"","672":"\\","673":"n","674":" ","675":" ","676":" ","677":" ","678":">","679":"\\","680":"n","681":" ","682":" ","683":" ","684":" ","685":" ","686":" ","687":"<","688":"t","689":"e","690":"m","691":"p","692":"l","693":"a","694":"t","695":"e","696":" ","697":"v","698":"-","699":"s","700":"l","701":"o","702":"t","703":":","704":"l","705":"o","706":"a","707":"d","708":"i","709":"n","710":"g","711":">","712":"\\","713":"n","714":" ","715":" ","716":" ","717":" ","718":" ","719":" ","720":" ","721":" ","722":"<","723":"q","724":"-","725":"s","726":"p","727":"i","728":"n","729":"n","730":"e","731":"r","732":"-","733":"f","734":"a","735":"c","736":"e","737":"b","738":"o","739":"o","740":"k","741":" ","742":"/","743":">","744":"\\","745":"n","746":" ","747":" ","748":" ","749":" ","750":" ","751":" ","752":"<","753":"/","754":"t","755":"e","756":"m","757":"p","758":"l","759":"a","760":"t","761":"e","762":">","763":"\\","764":"n","765":" ","766":" ","767":" ","768":" ","769":"<","770":"/","771":"q","772":"-","773":"b","774":"t","775":"n","776":">","777":"\\","778":"n","779":" ","780":" ","781":"<","782":"/","783":"d","784":"i","785":"v","786":">","787":"\\","788":"n","789":"<","790":"/","791":"t","792":"e","793":"m","794":"p","795":"l","796":"a","797":"t","798":"e","799":">","800":"\\","801":"n","802":"\\","803":"n","804":"<","805":"s","806":"c","807":"r","808":"i","809":"p","810":"t","811":" ","812":"s","813":"e","814":"t","815":"u","816":"p","817":" ","818":"l","819":"a","820":"n","821":"g","822":"=","823":"\\","824":"\"","825":"t","826":"s","827":"\\","828":"\"","829":">","830":"\\","831":"n","832":"c","833":"o","834":"n","835":"s","836":"t","837":" ","838":"p","839":"r","840":"o","841":"p","842":"s","843":" ","844":"=","845":" ","846":"d","847":"e","848":"f","849":"i","850":"n","851":"e","852":"P","853":"r","854":"o","855":"p","856":"s","857":"(","858":"{","859":"\\","860":"n","861":" ","862":" ","863":"c","864":"o","865":"l","866":"o","867":"r","868":":","869":" ","870":"S","871":"t","872":"r","873":"i","874":"n","875":"g","876":",","877":"\\","878":"n","879":" ","880":" ","881":"l","882":"a","883":"b","884":"e","885":"l","886":":","887":" ","888":"S","889":"t","890":"r","891":"i","892":"n","893":"g","894":",","895":"\\","896":"n","897":" ","898":" ","899":"o","900":"u","901":"t","902":"l","903":"i","904":"n","905":"e","906":":","907":" ","908":"B","909":"o","910":"o","911":"l","912":"e","913":"a","914":"n","915":",","916":"\\","917":"n","918":" ","919":" ","920":"i","921":"c","922":"o","923":"n","924":":","925":" ","926":"S","927":"t","928":"r","929":"i","930":"n","931":"g","932":",","933":"\\","934":"n","935":" ","936":" ","937":"r","938":"o","939":"u","940":"n","941":"d","942":":","943":" ","944":"B","945":"o","946":"o","947":"l","948":"e","949":"a","950":"n","951":",","952":"\\","953":"n","954":" ","955":" ","956":"s","957":"i","958":"z","959":"e","960":":","961":" ","962":"S","963":"t","964":"r","965":"i","966":"n","967":"g","968":",","969":"\\","970":"n","971":" ","972":" ","973":"l","974":"o","975":"a","976":"d","977":"i","978":"n","979":"g","980":":","981":" ","982":"B","983":"o","984":"o","985":"l","986":"e","987":"a","988":"n","989":",","990":"\\","991":"n","992":"}","993":")","994":";","995":"\\","996":"n","997":"<","998":"/","999":"s","1000":"c","1001":"r","1002":"i","1003":"p","1004":"t","1005":">","1006":"\\","1007":"n","1008":"\\","1009":"n","1010":"<","1011":"s","1012":"t","1013":"y","1014":"l","1015":"e","1016":" ","1017":"l","1018":"a","1019":"n","1020":"g","1021":"=","1022":"\\","1023":"\"","1024":"s","1025":"c","1026":"s","1027":"s","1028":"\\","1029":"\"","1030":" ","1031":"s","1032":"c","1033":"o","1034":"p","1035":"e","1036":"d","1037":">","1038":"<","1039":"/","1040":"s","1041":"t","1042":"y","1043":"l","1044":"e","1045":">","1046":"\\","1047":"n","1048":"\"","1049":"]","1050":"}"},"_coverageSchema":"1a1c01bbd47fc00a2c39e90264f33305004495a9","hash":"80886cc39ca41489e0ab9e2e5d259fa2d5754799"}
}
