TN:
SF:src/components/buttons/QcButton.vue
FN:65,setup
FN:84,render
FN:99,(anonymous_2)
FNF:3
FNH:2
FNDA:1,setup
FNDA:1,render
FNDA:0,(anonymous_2)
DA:3,1
DA:6,1
DA:7,1
DA:66,1
DA:67,1
DA:68,1
DA:69,1
DA:72,1
DA:76,1
DA:80,1
DA:81,1
DA:82,1
DA:83,1
DA:85,1
DA:86,1
DA:87,1
DA:99,0
DA:106,1
DA:107,1
LF:19
LH:18
BRF:0
BRH:0
end_of_record
TN:
SF:src/components/form/textField/QcTextfield.vue
FN:38,setup
FN:43,onInput
FN:63,render
FN:73,(anonymous_3)
FNF:4
FNH:2
FNDA:1,setup
FNDA:0,onInput
FNDA:1,render
FNDA:0,(anonymous_3)
DA:3,1
DA:6,1
DA:7,1
DA:39,1
DA:40,1
DA:41,1
DA:42,1
DA:44,0
DA:46,1
DA:51,1
DA:55,1
DA:59,1
DA:60,1
DA:61,1
DA:62,1
DA:64,1
DA:65,1
DA:73,0
DA:77,1
DA:78,1
LF:20
LH:18
BRDA:73,0,0,1
BRDA:73,0,1,1
BRF:2
BRH:2
end_of_record
TN:
SF:src/components/layout/QcLayout.vue
FN:38,setup
FN:48,toggleLeftDrawer
FN:51,navigate
FN:54,logoff
FN:59,(anonymous_4)
FN:62,(anonymous_5)
FN:82,render
FN:94,(anonymous_7)
FN:96,(anonymous_8)
FN:98,(anonymous_9)
FN:108,(anonymous_10)
FN:125,(anonymous_11)
FN:129,(anonymous_12)
FN:131,(anonymous_13)
FN:132,(anonymous_14)
FN:135,(anonymous_15)
FN:137,(anonymous_16)
FN:150,(anonymous_17)
FNF:18
FNH:12
FNDA:1,setup
FNDA:0,toggleLeftDrawer
FNDA:0,navigate
FNDA:0,logoff
FNDA:1,(anonymous_4)
FNDA:0,(anonymous_5)
FNDA:1,render
FNDA:1,(anonymous_7)
FNDA:1,(anonymous_8)
FNDA:1,(anonymous_9)
FNDA:1,(anonymous_10)
FNDA:0,(anonymous_11)
FNDA:1,(anonymous_12)
FNDA:1,(anonymous_13)
FNDA:1,(anonymous_14)
FNDA:0,(anonymous_15)
FNDA:1,(anonymous_16)
FNDA:1,(anonymous_17)
DA:3,1
DA:6,1
DA:7,1
DA:8,1
DA:39,1
DA:40,1
DA:41,1
DA:42,1
DA:44,1
DA:49,0
DA:52,0
DA:55,0
DA:57,1
DA:60,1
DA:63,0
DA:70,1
DA:74,1
DA:78,1
DA:79,1
DA:80,1
DA:81,1
DA:83,1
DA:84,1
DA:85,1
DA:86,1
DA:87,1
DA:88,1
DA:89,1
DA:90,1
DA:91,1
DA:92,1
DA:94,1
DA:96,1
DA:98,1
DA:108,1
DA:125,0
DA:129,1
DA:131,1
DA:133,1
DA:135,0
DA:137,1
DA:150,1
DA:160,1
DA:161,1
LF:44
LH:38
BRDA:125,0,0,1
BRDA:125,0,1,1
BRF:2
BRH:2
end_of_record
TN:
SF:src/components/loading/QcLoading.vue
FN:39,setup
FN:61,render
FNF:2
FNH:2
FNDA:1,setup
FNDA:1,render
DA:3,1
DA:6,1
DA:7,1
DA:40,1
DA:41,1
DA:42,1
DA:43,1
DA:46,1
DA:50,1
DA:54,1
DA:55,1
DA:56,1
DA:57,1
DA:62,1
DA:63,1
DA:73,1
DA:74,1
LF:17
LH:17
BRDA:63,0,0,0
BRDA:63,0,1,1
BRF:2
BRH:1
end_of_record
TN:
SF:src/components/snackbar/QcSnackbar.vue
FN:53,setup
FN:58,showNotifs
FN:71,handler
FN:75,(anonymous_3)
FN:84,(anonymous_4)
FNF:5
FNH:2
FNDA:1,setup
FNDA:0,showNotifs
FNDA:0,handler
FNDA:1,(anonymous_3)
FNDA:0,(anonymous_4)
DA:3,1
DA:6,1
DA:7,1
DA:8,1
DA:9,1
DA:54,1
DA:55,1
DA:56,1
DA:57,1
DA:59,0
DA:75,1
DA:76,1
DA:77,0
DA:80,1
DA:85,0
DA:89,1
DA:93,1
LF:17
LH:14
BRDA:76,0,0,0
BRDA:76,0,1,1
BRF:2
BRH:1
end_of_record
