TN:
SF:src/components/buttons/QcButton.vue
FN:22,setup
FN:41,render
FN:54,(anonymous_2)
FNF:3
FNH:2
FNDA:1,setup
FNDA:1,render
FNDA:0,(anonymous_2)
DA:3,1
DA:6,1
DA:7,1
DA:23,1
DA:24,1
DA:25,1
DA:26,1
DA:29,1
DA:33,1
DA:37,1
DA:38,1
DA:39,1
DA:40,1
DA:42,1
DA:43,1
DA:44,1
DA:54,0
DA:61,1
DA:62,1
LF:19
LH:18
BRF:0
BRH:0
end_of_record
TN:
SF:src/components/form/textField/QcTextfield.vue
FN:18,setup
FN:24,onInput
FN:46,render
FN:52,(anonymous_3)
FN:53,(anonymous_4)
FNF:5
FNH:2
FNDA:1,setup
FNDA:0,onInput
FNDA:1,render
FNDA:0,(anonymous_3)
FNDA:0,(anonymous_4)
DA:3,1
DA:6,1
DA:7,1
DA:8,1
DA:19,1
DA:20,1
DA:21,1
DA:22,1
DA:23,1
DA:25,0
DA:26,0
DA:28,1
DA:34,1
DA:38,1
DA:42,1
DA:43,1
DA:44,1
DA:45,1
DA:47,1
DA:48,1
DA:52,0
DA:53,0
DA:60,1
DA:61,1
LF:24
LH:20
BRDA:52,0,0,1
BRDA:52,0,1,1
BRDA:53,1,0,1
BRDA:53,1,1,1
BRF:4
BRH:4
end_of_record
TN:
SF:src/components/loading/QcLoading.vue
FN:19,setup
FN:41,render
FNF:2
FNH:2
FNDA:1,setup
FNDA:1,render
DA:3,1
DA:6,1
DA:7,1
DA:20,1
DA:21,1
DA:22,1
DA:23,1
DA:26,1
DA:30,1
DA:34,1
DA:35,1
DA:36,1
DA:37,1
DA:42,1
DA:43,1
DA:53,1
DA:54,1
LF:17
LH:17
BRDA:43,0,0,0
BRDA:43,0,1,1
BRF:2
BRH:1
end_of_record
TN:
SF:src/components/snackbar/QcSnackbar.vue
FN:23,setup
FN:28,showNotifs
FN:41,handler
FN:45,(anonymous_3)
FN:54,(anonymous_4)
FNF:5
FNH:2
FNDA:1,setup
FNDA:0,showNotifs
FNDA:0,handler
FNDA:1,(anonymous_3)
FNDA:0,(anonymous_4)
DA:3,1
DA:6,1
DA:7,1
DA:8,1
DA:9,1
DA:24,1
DA:25,1
DA:26,1
DA:27,1
DA:29,0
DA:45,1
DA:46,1
DA:47,0
DA:50,1
DA:55,0
DA:59,1
DA:63,1
LF:17
LH:14
BRDA:46,0,0,0
BRDA:46,0,1,1
BRF:2
BRH:1
end_of_record
